Application  events found in the last 8 hours since: 00:00:00
[{'Count': 6, 'Event_Id': 1000, 'source': 'EventCreate', 'eventdata': ('My application error mesaage',), 'recordnumber': 62709, 'Level': 1, 'message': 'My application error mesaage\r\n', 'log_category': 'windows defender', 'Level_name': 'Error_type', 'Time': 'Thu Dec 22 18:42:50 2022'}]
--------------
[{'Count': 121, 'Event_Id': 1001, 'source': 'Windows Error Reporting', 'eventdata': ('1537838547783107060', '5', 'RADAR_PRE_LEAK_64', 'Not available', '0', 'DiskSnapshot.exe', '10.0.19041.1081', '10.0.19044.2.0.0', '', '', '', '', '', '', '', '\r\n\\\\?\\C:\\Users\\Admin\\AppData\\Local\\Temp\\RDR1DBC.tmp\\empty.txt\r\n\\\\?\\C:\\ProgramData\\Microsoft\\Windows\\WER\\Temp\\WER2752.tmp.WERInternalMetadata.xml\r\n\\\\?\\C:\\ProgramData\\Microsoft\\Windows\\WER\\Temp\\WER2928.tmp.xml\r\n\\\\?\\C:\\ProgramData\\Microsoft\\Windows\\WER\\Temp\\WER2D7C.tmp.csv\r\n\\\\?\\C:\\ProgramData\\Microsoft\\Windows\\WER\\Temp\\WER429B.tmp.txt', '', '', '0', 'a6077ec7-16f9-4a0f-ac3b-68b10b674f92', '268435456', '2f85beb73f8e29ce05578002ea83c1f4', '0'), 'recordnumber': 62594, 'Level': 4, 'message': 'Fault bucket 1537838547783107060, type 5\r\nEvent Name: RADAR_PRE_LEAK_64\r\nResponse: Not available\r\nCab Id: 0\r\n\r\nProblem signature:\r\nP1: DiskSnapshot.exe\r\nP2: 10.0.19041.1081\r\nP3: 10.0.19044.2.0.0\r\nP4: \r\nP5: \r\nP6: \r\nP7: \r\nP8: \r\nP9: \r\nP10: \r\n\r\nAttached files:\r\n\\\\?\\C:\\Users\\Admin\\AppData\\Local\\Temp\\RDR1DBC.tmp\\empty.txt\r\n\\\\?\\C:\\ProgramData\\Microsoft\\Windows\\WER\\Temp\\WER2752.tmp.WERInternalMetadata.xml\r\n\\\\?\\C:\\ProgramData\\Microsoft\\Windows\\WER\\Temp\\WER2928.tmp.xml\r\n\\\\?\\C:\\ProgramData\\Microsoft\\Windows\\WER\\Temp\\WER2D7C.tmp.csv\r\n\\\\?\\C:\\ProgramData\\Microsoft\\Windows\\WER\\Temp\\WER429B.tmp.txt\r\n\r\nThese files may be available here:\r\n\r\n\r\nAnalysis symbol: \r\nRechecking for solution: 0\r\nReport Id: a6077ec7-16f9-4a0f-ac3b-68b10b674f92\r\nReport Status: 268435456\r\nHashed bucket: 2f85beb73f8e29ce05578002ea83c1f4\r\nCab Guid: 0\r\n', 'log_category': 'windows defender', 'Level_name': 'Information_type', 'Time': 'Wed Dec 21 10:06:14 2022'}]
--------------
[{'Count': 135, 'Event_Id': 1001, 'source': 'Windows Error Reporting', 'eventdata': ('LKD_0x15E_Mini_Nbl_Leak_IMAGE_Netwbw02.sys', '0', 'LiveKernelEvent', 'Not available', '33340283-ead4-493a-a46b-81e6b19abd13', '15e', '30', 'ffffcb075502f1a0', 'ffffcb074ea99630', '0', '10_0_19044', '0_0', '256_1', '', '', '\r\n\\\\?\\C:\\Windows\\LiveKernelReports\\NDIS\\NDIS-20221221-0937.dmp\r\n\\\\?\\C:\\Windows\\TEMP\\WER-415824234-0.sysdata.xml\r\n\\\\?\\C:\\ProgramData\\Microsoft\\Windows\\WER\\Temp\\WER975F.tmp.WERInternalMetadata.xml\r\n\\\\?\\C:\\ProgramData\\Microsoft\\Windows\\WER\\Temp\\WER97CE.tmp.xml\r\n\\\\?\\C:\\ProgramData\\Microsoft\\Windows\\WER\\Temp\\WER980B.tmp.csv\r\n\\\\?\\C:\\ProgramData\\Microsoft\\Windows\\WER\\Temp\\WER982C.tmp.txt', '\\\\?\\C:\\ProgramData\\Microsoft\\Windows\\WER\\ReportArchive\\Kernel_15e_a2d476e8975b4c669091e4b6fc784c6c5246a216_00000000_cab_15915c36-13e3-439f-9694-2626acce5f5b', '', '0', '15915c36-13e3-439f-9694-2626acce5f5b', '268435556', '', '0'), 'recordnumber': 62580, 'Level': 4, 'message': 'Fault bucket LKD_0x15E_Mini_Nbl_Leak_IMAGE_Netwbw02.sys, type 0\r\nEvent Name: LiveKernelEvent\r\nResponse: Not available\r\nCab Id: 33340283-ead4-493a-a46b-81e6b19abd13\r\n\r\nProblem signature:\r\nP1: 15e\r\nP2: 30\r\nP3: ffffcb075502f1a0\r\nP4: ffffcb074ea99630\r\nP5: 0\r\nP6: 10_0_19044\r\nP7: 0_0\r\nP8: 256_1\r\nP9: \r\nP10: \r\n\r\nAttached files:\r\n\\\\?\\C:\\Windows\\LiveKernelReports\\NDIS\\NDIS-20221221-0937.dmp\r\n\\\\?\\C:\\Windows\\TEMP\\WER-415824234-0.sysdata.xml\r\n\\\\?\\C:\\ProgramData\\Microsoft\\Windows\\WER\\Temp\\WER975F.tmp.WERInternalMetadata.xml\r\n\\\\?\\C:\\ProgramData\\Microsoft\\Windows\\WER\\Temp\\WER97CE.tmp.xml\r\n\\\\?\\C:\\ProgramData\\Microsoft\\Windows\\WER\\Temp\\WER980B.tmp.csv\r\n\\\\?\\C:\\ProgramData\\Microsoft\\Windows\\WER\\Temp\\WER982C.tmp.txt\r\n\r\nThese files may be available here:\r\n\\\\?\\C:\\ProgramData\\Microsoft\\Windows\\WER\\ReportArchive\\Kernel_15e_a2d476e8975b4c669091e4b6fc784c6c5246a216_00000000_cab_15915c36-13e3-439f-9694-2626acce5f5b\r\n\r\nAnalysis symbol: \r\nRechecking for solution: 0\r\nReport Id: 15915c36-13e3-439f-9694-2626acce5f5b\r\nReport Status: 268435556\r\nHashed bucket: \r\nCab Guid: 0\r\n', 'log_category': 'windows defender', 'Level_name': 'Information_type', 'Time': 'Wed Dec 21 09:39:10 2022'}]
--------------
[{'Count': 136, 'Event_Id': 1001, 'source': 'Windows Error Reporting', 'eventdata': ('', '0', 'LiveKernelEvent', 'Not available', '0', '15e', '30', 'ffffcb075502f1a0', 'ffffcb074ea99630', '0', '10_0_19044', '0_0', '256_1', '', '', '\r\n\\\\?\\C:\\Windows\\LiveKernelReports\\NDIS\\NDIS-20221221-0937.dmp\r\n\\\\?\\C:\\Windows\\TEMP\\WER-415824234-0.sysdata.xml\r\n\\\\?\\C:\\Windows\\LiveKernelReports\\NDIS-20221221-0937.dmp\r\n\\\\?\\C:\\ProgramData\\Microsoft\\Windows\\WER\\Temp\\WER975F.tmp.WERInternalMetadata.xml\r\n\\\\?\\C:\\ProgramData\\Microsoft\\Windows\\WER\\Temp\\WER97CE.tmp.xml\r\n\\\\?\\C:\\ProgramData\\Microsoft\\Windows\\WER\\Temp\\WER980B.tmp.csv\r\n\\\\?\\C:\\ProgramData\\Microsoft\\Windows\\WER\\Temp\\WER982C.tmp.txt', '\\\\?\\C:\\ProgramData\\Microsoft\\Windows\\WER\\ReportQueue\\Kernel_15e_a2d476e8975b4c669091e4b6fc784c6c5246a216_00000000_cab_15915c36-13e3-439f-9694-2626acce5f5b', '', '0', '15915c36-13e3-439f-9694-2626acce5f5b', '100', '', '0'), 'recordnumber': 62579, 'Level': 4, 'message': 'Fault bucket , type 0\r\nEvent Name: LiveKernelEvent\r\nResponse: Not available\r\nCab Id: 0\r\n\r\nProblem signature:\r\nP1: 15e\r\nP2: 30\r\nP3: ffffcb075502f1a0\r\nP4: ffffcb074ea99630\r\nP5: 0\r\nP6: 10_0_19044\r\nP7: 0_0\r\nP8: 256_1\r\nP9: \r\nP10: \r\n\r\nAttached files:\r\n\\\\?\\C:\\Windows\\LiveKernelReports\\NDIS\\NDIS-20221221-0937.dmp\r\n\\\\?\\C:\\Windows\\TEMP\\WER-415824234-0.sysdata.xml\r\n\\\\?\\C:\\Windows\\LiveKernelReports\\NDIS-20221221-0937.dmp\r\n\\\\?\\C:\\ProgramData\\Microsoft\\Windows\\WER\\Temp\\WER975F.tmp.WERInternalMetadata.xml\r\n\\\\?\\C:\\ProgramData\\Microsoft\\Windows\\WER\\Temp\\WER97CE.tmp.xml\r\n\\\\?\\C:\\ProgramData\\Microsoft\\Windows\\WER\\Temp\\WER980B.tmp.csv\r\n\\\\?\\C:\\ProgramData\\Microsoft\\Windows\\WER\\Temp\\WER982C.tmp.txt\r\n\r\nThese files may be available here:\r\n\\\\?\\C:\\ProgramData\\Microsoft\\Windows\\WER\\ReportQueue\\Kernel_15e_a2d476e8975b4c669091e4b6fc784c6c5246a216_00000000_cab_15915c36-13e3-439f-9694-2626acce5f5b\r\n\r\nAnalysis symbol: \r\nRechecking for solution: 0\r\nReport Id: 15915c36-13e3-439f-9694-2626acce5f5b\r\nReport Status: 100\r\nHashed bucket: \r\nCab Guid: 0\r\n', 'log_category': 'windows defender', 'Level_name': 'Information_type', 'Time': 'Wed Dec 21 09:38:29 2022'}]
--------------
[{'Count': 136, 'Event_Id': 1001, 'source': 'Windows Error Reporting', 'eventdata': ('', '0', 'LiveKernelEvent', 'Not available', '0', '15e', '30', 'ffffcb075502f1a0', 'ffffcb074ea99630', '0', '10_0_19044', '0_0', '256_1', '', '', '\r\n\\\\?\\C:\\Windows\\LiveKernelReports\\NDIS\\NDIS-20221221-0937.dmp\r\n\\\\?\\C:\\Windows\\TEMP\\WER-415824234-0.sysdata.xml\r\n\\\\?\\C:\\Windows\\LiveKernelReports\\NDIS-20221221-0937.dmp\r\n\\\\?\\C:\\ProgramData\\Microsoft\\Windows\\WER\\Temp\\WER975F.tmp.WERInternalMetadata.xml\r\n\\\\?\\C:\\ProgramData\\Microsoft\\Windows\\WER\\Temp\\WER97CE.tmp.xml\r\n\\\\?\\C:\\ProgramData\\Microsoft\\Windows\\WER\\Temp\\WER980B.tmp.csv\r\n\\\\?\\C:\\ProgramData\\Microsoft\\Windows\\WER\\Temp\\WER982C.tmp.txt', '\\\\?\\C:\\ProgramData\\Microsoft\\Windows\\WER\\ReportQueue\\Kernel_15e_a2d476e8975b4c669091e4b6fc784c6c5246a216_00000000_cab_15915c36-13e3-439f-9694-2626acce5f5b', '', '0', '15915c36-13e3-439f-9694-2626acce5f5b', '100', '', '0'), 'recordnumber': 62579, 'Level': 4, 'message': 'Fault bucket , type 0\r\nEvent Name: LiveKernelEvent\r\nResponse: Not available\r\nCab Id: 0\r\n\r\nProblem signature:\r\nP1: 15e\r\nP2: 30\r\nP3: ffffcb075502f1a0\r\nP4: ffffcb074ea99630\r\nP5: 0\r\nP6: 10_0_19044\r\nP7: 0_0\r\nP8: 256_1\r\nP9: \r\nP10: \r\n\r\nAttached files:\r\n\\\\?\\C:\\Windows\\LiveKernelReports\\NDIS\\NDIS-20221221-0937.dmp\r\n\\\\?\\C:\\Windows\\TEMP\\WER-415824234-0.sysdata.xml\r\n\\\\?\\C:\\Windows\\LiveKernelReports\\NDIS-20221221-0937.dmp\r\n\\\\?\\C:\\ProgramData\\Microsoft\\Windows\\WER\\Temp\\WER975F.tmp.WERInternalMetadata.xml\r\n\\\\?\\C:\\ProgramData\\Microsoft\\Windows\\WER\\Temp\\WER97CE.tmp.xml\r\n\\\\?\\C:\\ProgramData\\Microsoft\\Windows\\WER\\Temp\\WER980B.tmp.csv\r\n\\\\?\\C:\\ProgramData\\Microsoft\\Windows\\WER\\Temp\\WER982C.tmp.txt\r\n\r\nThese files may be available here:\r\n\\\\?\\C:\\ProgramData\\Microsoft\\Windows\\WER\\ReportQueue\\Kernel_15e_a2d476e8975b4c669091e4b6fc784c6c5246a216_00000000_cab_15915c36-13e3-439f-9694-2626acce5f5b\r\n\r\nAnalysis symbol: \r\nRechecking for solution: 0\r\nReport Id: 15915c36-13e3-439f-9694-2626acce5f5b\r\nReport Status: 100\r\nHashed bucket: \r\nCab Guid: 0\r\n', 'log_category': 'windows defender', 'Level_name': 'Information_type', 'Time': 'Wed Dec 21 09:38:29 2022'}, {'Count': 137, 'Event_Id': 1001, 'source': 'Windows Error Reporting', 'eventdata': ('', '0', 'LiveKernelEvent', 'Not available', '0', '15e', '30', 'ffffcb075502f1a0', 'ffffcb074ea99630', '0', '10_0_19044', '0_0', '256_1', '', '', '\r\n\\\\?\\C:\\Windows\\LiveKernelReports\\NDIS\\NDIS-20221221-0937.dmp\r\n\\\\?\\C:\\Windows\\TEMP\\WER-415824234-0.sysdata.xml\r\n\\\\?\\C:\\Windows\\LiveKernelReports\\NDIS-20221221-0937.dmp\r\n\\\\?\\C:\\ProgramData\\Microsoft\\Windows\\WER\\Temp\\WER975F.tmp.WERInternalMetadata.xml\r\n\\\\?\\C:\\ProgramData\\Microsoft\\Windows\\WER\\Temp\\WER97CE.tmp.xml\r\n\\\\?\\C:\\ProgramData\\Microsoft\\Windows\\WER\\Temp\\WER980B.tmp.csv\r\n\\\\?\\C:\\ProgramData\\Microsoft\\Windows\\WER\\Temp\\WER982C.tmp.txt', '\\\\?\\C:\\ProgramData\\Microsoft\\Windows\\WER\\ReportQueue\\Kernel_15e_a2d476e8975b4c669091e4b6fc784c6c5246a216_00000000_cab_15915c36-13e3-439f-9694-2626acce5f5b', '', '0', '15915c36-13e3-439f-9694-2626acce5f5b', '4', '', '0'), 'recordnumber': 62578, 'Level': 4, 'message': 'Fault bucket , type 0\r\nEvent Name: LiveKernelEvent\r\nResponse: Not available\r\nCab Id: 0\r\n\r\nProblem signature:\r\nP1: 15e\r\nP2: 30\r\nP3: ffffcb075502f1a0\r\nP4: ffffcb074ea99630\r\nP5: 0\r\nP6: 10_0_19044\r\nP7: 0_0\r\nP8: 256_1\r\nP9: \r\nP10: \r\n\r\nAttached files:\r\n\\\\?\\C:\\Windows\\LiveKernelReports\\NDIS\\NDIS-20221221-0937.dmp\r\n\\\\?\\C:\\Windows\\TEMP\\WER-415824234-0.sysdata.xml\r\n\\\\?\\C:\\Windows\\LiveKernelReports\\NDIS-20221221-0937.dmp\r\n\\\\?\\C:\\ProgramData\\Microsoft\\Windows\\WER\\Temp\\WER975F.tmp.WERInternalMetadata.xml\r\n\\\\?\\C:\\ProgramData\\Microsoft\\Windows\\WER\\Temp\\WER97CE.tmp.xml\r\n\\\\?\\C:\\ProgramData\\Microsoft\\Windows\\WER\\Temp\\WER980B.tmp.csv\r\n\\\\?\\C:\\ProgramData\\Microsoft\\Windows\\WER\\Temp\\WER982C.tmp.txt\r\n\r\nThese files may be available here:\r\n\\\\?\\C:\\ProgramData\\Microsoft\\Windows\\WER\\ReportQueue\\Kernel_15e_a2d476e8975b4c669091e4b6fc784c6c5246a216_00000000_cab_15915c36-13e3-439f-9694-2626acce5f5b\r\n\r\nAnalysis symbol: \r\nRechecking for solution: 0\r\nReport Id: 15915c36-13e3-439f-9694-2626acce5f5b\r\nReport Status: 4\r\nHashed bucket: \r\nCab Guid: 0\r\n', 'log_category': 'windows defender', 'Level_name': 'Information_type', 'Time': 'Wed Dec 21 09:38:04 2022'}]
--------------
[{'Count': 418, 'Event_Id': 8302, 'source': 'Microsoft-Windows-System-Restore', 'eventdata': ('\\\\?\\GLOBALROOT\\Device\\HarddiskVolumeShadowCopy5', '0x0', '734788', '1774424', '1317056', '149873', '165133', '157968'), 'recordnumber': 62297, 'Level': 4, 'message': 'Scoping successfully completed for shadowcopy \\\\?\\GLOBALROOT\\Device\\HarddiskVolumeShadowCopy5.\r\n', 'log_category': 'system restore', 'Level_name': 'Information_type', 'Time': 'Sun Dec 18 19:31:44 2022'}]
--------------
[{'Count': 418, 'Event_Id': 8302, 'source': 'Microsoft-Windows-System-Restore', 'eventdata': ('\\\\?\\GLOBALROOT\\Device\\HarddiskVolumeShadowCopy5', '0x0', '734788', '1774424', '1317056', '149873', '165133', '157968'), 'recordnumber': 62297, 'Level': 4, 'message': 'Scoping successfully completed for shadowcopy \\\\?\\GLOBALROOT\\Device\\HarddiskVolumeShadowCopy5.\r\n', 'log_category': 'system restore', 'Level_name': 'Information_type', 'Time': 'Sun Dec 18 19:31:44 2022'}, {'Count': 419, 'Event_Id': 8301, 'source': 'Microsoft-Windows-System-Restore', 'eventdata': ('\\\\?\\GLOBALROOT\\Device\\HarddiskVolumeShadowCopy5', '0x0', '734788', '1774424', '1317056', '149873', '165133', '157968'), 'recordnumber': 62296, 'Level': 4, 'message': 'Scoping completed for shadowcopy \\\\?\\GLOBALROOT\\Device\\HarddiskVolumeShadowCopy5.\r\n', 'log_category': 'system restore', 'Level_name': 'Information_type', 'Time': 'Sun Dec 18 19:31:44 2022'}]
--------------
[{'Count': 420, 'Event_Id': 1001, 'source': 'Windows Error Reporting', 'eventdata': ('1797753596435425426', '5', 'RADAR_PRE_LEAK_WOW64', 'Not available', '0', 'Speed.exe', '0.0.0.0', '10.0.19044.2.0.0', '', '', '', '', '', '', '', '\r\n\\\\?\\C:\\Users\\Admin\\AppData\\Local\\Temp\\RDR65BE.tmp\\empty.txt\r\n\\\\?\\C:\\ProgramData\\Microsoft\\Windows\\WER\\Temp\\WER662C.tmp.WERInternalMetadata.xml\r\n\\\\?\\C:\\ProgramData\\Microsoft\\Windows\\WER\\Temp\\WER66F9.tmp.xml\r\n\\\\?\\C:\\ProgramData\\Microsoft\\Windows\\WER\\Temp\\WER6929.tmp.csv\r\n\\\\?\\C:\\ProgramData\\Microsoft\\Windows\\WER\\Temp\\WER69E6.tmp.txt', '', '', '0', '66d9639b-3206-4b91-9831-8b103169eede', '268435456', 'f72ea0a0cc53c2b4b8f2e75efd36e892', '0'), 'recordnumber': 62295, 'Level': 4, 'message': 'Fault bucket 1797753596435425426, type 5\r\nEvent Name: RADAR_PRE_LEAK_WOW64\r\nResponse: Not available\r\nCab Id: 0\r\n\r\nProblem signature:\r\nP1: Speed.exe\r\nP2: 0.0.0.0\r\nP3: 10.0.19044.2.0.0\r\nP4: \r\nP5: \r\nP6: \r\nP7: \r\nP8: \r\nP9: \r\nP10: \r\n\r\nAttached files:\r\n\\\\?\\C:\\Users\\Admin\\AppData\\Local\\Temp\\RDR65BE.tmp\\empty.txt\r\n\\\\?\\C:\\ProgramData\\Microsoft\\Windows\\WER\\Temp\\WER662C.tmp.WERInternalMetadata.xml\r\n\\\\?\\C:\\ProgramData\\Microsoft\\Windows\\WER\\Temp\\WER66F9.tmp.xml\r\n\\\\?\\C:\\ProgramData\\Microsoft\\Windows\\WER\\Temp\\WER6929.tmp.csv\r\n\\\\?\\C:\\ProgramData\\Microsoft\\Windows\\WER\\Temp\\WER69E6.tmp.txt\r\n\r\nThese files may be available here:\r\n\r\n\r\nAnalysis symbol: \r\nRechecking for solution: 0\r\nReport Id: 66d9639b-3206-4b91-9831-8b103169eede\r\nReport Status: 268435456\r\nHashed bucket: f72ea0a0cc53c2b4b8f2e75efd36e892\r\nCab Guid: 0\r\n', 'log_category': 'windows defender', 'Level_name': 'Information_type', 'Time': 'Sun Dec 18 19:28:54 2022'}]
--------------
[{'Count': 420, 'Event_Id': 1001, 'source': 'Windows Error Reporting', 'eventdata': ('1797753596435425426', '5', 'RADAR_PRE_LEAK_WOW64', 'Not available', '0', 'Speed.exe', '0.0.0.0', '10.0.19044.2.0.0', '', '', '', '', '', '', '', '\r\n\\\\?\\C:\\Users\\Admin\\AppData\\Local\\Temp\\RDR65BE.tmp\\empty.txt\r\n\\\\?\\C:\\ProgramData\\Microsoft\\Windows\\WER\\Temp\\WER662C.tmp.WERInternalMetadata.xml\r\n\\\\?\\C:\\ProgramData\\Microsoft\\Windows\\WER\\Temp\\WER66F9.tmp.xml\r\n\\\\?\\C:\\ProgramData\\Microsoft\\Windows\\WER\\Temp\\WER6929.tmp.csv\r\n\\\\?\\C:\\ProgramData\\Microsoft\\Windows\\WER\\Temp\\WER69E6.tmp.txt', '', '', '0', '66d9639b-3206-4b91-9831-8b103169eede', '268435456', 'f72ea0a0cc53c2b4b8f2e75efd36e892', '0'), 'recordnumber': 62295, 'Level': 4, 'message': 'Fault bucket 1797753596435425426, type 5\r\nEvent Name: RADAR_PRE_LEAK_WOW64\r\nResponse: Not available\r\nCab Id: 0\r\n\r\nProblem signature:\r\nP1: Speed.exe\r\nP2: 0.0.0.0\r\nP3: 10.0.19044.2.0.0\r\nP4: \r\nP5: \r\nP6: \r\nP7: \r\nP8: \r\nP9: \r\nP10: \r\n\r\nAttached files:\r\n\\\\?\\C:\\Users\\Admin\\AppData\\Local\\Temp\\RDR65BE.tmp\\empty.txt\r\n\\\\?\\C:\\ProgramData\\Microsoft\\Windows\\WER\\Temp\\WER662C.tmp.WERInternalMetadata.xml\r\n\\\\?\\C:\\ProgramData\\Microsoft\\Windows\\WER\\Temp\\WER66F9.tmp.xml\r\n\\\\?\\C:\\ProgramData\\Microsoft\\Windows\\WER\\Temp\\WER6929.tmp.csv\r\n\\\\?\\C:\\ProgramData\\Microsoft\\Windows\\WER\\Temp\\WER69E6.tmp.txt\r\n\r\nThese files may be available here:\r\n\r\n\r\nAnalysis symbol: \r\nRechecking for solution: 0\r\nReport Id: 66d9639b-3206-4b91-9831-8b103169eede\r\nReport Status: 268435456\r\nHashed bucket: f72ea0a0cc53c2b4b8f2e75efd36e892\r\nCab Guid: 0\r\n', 'log_category': 'windows defender', 'Level_name': 'Information_type', 'Time': 'Sun Dec 18 19:28:54 2022'}, {'Count': 422, 'Event_Id': 8300, 'source': 'Microsoft-Windows-System-Restore', 'eventdata': ('\\\\?\\GLOBALROOT\\Device\\HarddiskVolumeShadowCopy5',), 'recordnumber': 62293, 'Level': 4, 'message': 'Scoping started for shadowcopy \\\\?\\GLOBALROOT\\Device\\HarddiskVolumeShadowCopy5.\r\n', 'log_category': 'system restore', 'Level_name': 'Information_type', 'Time': 'Sun Dec 18 19:25:32 2022'}]
--------------
[{'Count': 420, 'Event_Id': 1001, 'source': 'Windows Error Reporting', 'eventdata': ('1797753596435425426', '5', 'RADAR_PRE_LEAK_WOW64', 'Not available', '0', 'Speed.exe', '0.0.0.0', '10.0.19044.2.0.0', '', '', '', '', '', '', '', '\r\n\\\\?\\C:\\Users\\Admin\\AppData\\Local\\Temp\\RDR65BE.tmp\\empty.txt\r\n\\\\?\\C:\\ProgramData\\Microsoft\\Windows\\WER\\Temp\\WER662C.tmp.WERInternalMetadata.xml\r\n\\\\?\\C:\\ProgramData\\Microsoft\\Windows\\WER\\Temp\\WER66F9.tmp.xml\r\n\\\\?\\C:\\ProgramData\\Microsoft\\Windows\\WER\\Temp\\WER6929.tmp.csv\r\n\\\\?\\C:\\ProgramData\\Microsoft\\Windows\\WER\\Temp\\WER69E6.tmp.txt', '', '', '0', '66d9639b-3206-4b91-9831-8b103169eede', '268435456', 'f72ea0a0cc53c2b4b8f2e75efd36e892', '0'), 'recordnumber': 62295, 'Level': 4, 'message': 'Fault bucket 1797753596435425426, type 5\r\nEvent Name: RADAR_PRE_LEAK_WOW64\r\nResponse: Not available\r\nCab Id: 0\r\n\r\nProblem signature:\r\nP1: Speed.exe\r\nP2: 0.0.0.0\r\nP3: 10.0.19044.2.0.0\r\nP4: \r\nP5: \r\nP6: \r\nP7: \r\nP8: \r\nP9: \r\nP10: \r\n\r\nAttached files:\r\n\\\\?\\C:\\Users\\Admin\\AppData\\Local\\Temp\\RDR65BE.tmp\\empty.txt\r\n\\\\?\\C:\\ProgramData\\Microsoft\\Windows\\WER\\Temp\\WER662C.tmp.WERInternalMetadata.xml\r\n\\\\?\\C:\\ProgramData\\Microsoft\\Windows\\WER\\Temp\\WER66F9.tmp.xml\r\n\\\\?\\C:\\ProgramData\\Microsoft\\Windows\\WER\\Temp\\WER6929.tmp.csv\r\n\\\\?\\C:\\ProgramData\\Microsoft\\Windows\\WER\\Temp\\WER69E6.tmp.txt\r\n\r\nThese files may be available here:\r\n\r\n\r\nAnalysis symbol: \r\nRechecking for solution: 0\r\nReport Id: 66d9639b-3206-4b91-9831-8b103169eede\r\nReport Status: 268435456\r\nHashed bucket: f72ea0a0cc53c2b4b8f2e75efd36e892\r\nCab Guid: 0\r\n', 'log_category': 'windows defender', 'Level_name': 'Information_type', 'Time': 'Sun Dec 18 19:28:54 2022'}, {'Count': 422, 'Event_Id': 8300, 'source': 'Microsoft-Windows-System-Restore', 'eventdata': ('\\\\?\\GLOBALROOT\\Device\\HarddiskVolumeShadowCopy5',), 'recordnumber': 62293, 'Level': 4, 'message': 'Scoping started for shadowcopy \\\\?\\GLOBALROOT\\Device\\HarddiskVolumeShadowCopy5.\r\n', 'log_category': 'system restore', 'Level_name': 'Information_type', 'Time': 'Sun Dec 18 19:25:32 2022'}, {'Count': 423, 'Event_Id': 8194, 'source': 'System Restore', 'eventdata': ('C:\\Windows\\winsxs\\amd64_microsoft-windows-servicingstack_31bf3856ad364e35_10.0.19041.2300_none_7e14edbc7c88b7d5\\TiWorker.exe -Embedding', 'Windows Modules Installer'), 'recordnumber': 62292, 'Level': 4, 'message': 'Successfully created restore point (Process = C:\\Windows\\winsxs\\amd64_microsoft-windows-servicingstack_31bf3856ad364e35_10.0.19041.2300_none_7e14edbc7c88b7d5\\TiWorker.exe -Embedding; Description = Windows Modules Installer).\r\n', 'log_category': 'system restore', 'Level_name': 'Information_type', 'Time': 'Sun Dec 18 19:25:08 2022'}]
--------------
[{'Count': 723, 'Event_Id': 8302, 'source': 'Microsoft-Windows-System-Restore', 'eventdata': ('\\\\?\\GLOBALROOT\\Device\\HarddiskVolumeShadowCopy5', '0x0', '694040', '1672055', '1315098', '149318', '163735', '157911'), 'recordnumber': 61992, 'Level': 4, 'message': 'Scoping successfully completed for shadowcopy \\\\?\\GLOBALROOT\\Device\\HarddiskVolumeShadowCopy5.\r\n', 'log_category': 'system restore', 'Level_name': 'Information_type', 'Time': 'Fri Dec 16 12:40:57 2022'}]
--------------
[{'Count': 723, 'Event_Id': 8302, 'source': 'Microsoft-Windows-System-Restore', 'eventdata': ('\\\\?\\GLOBALROOT\\Device\\HarddiskVolumeShadowCopy5', '0x0', '694040', '1672055', '1315098', '149318', '163735', '157911'), 'recordnumber': 61992, 'Level': 4, 'message': 'Scoping successfully completed for shadowcopy \\\\?\\GLOBALROOT\\Device\\HarddiskVolumeShadowCopy5.\r\n', 'log_category': 'system restore', 'Level_name': 'Information_type', 'Time': 'Fri Dec 16 12:40:57 2022'}, {'Count': 724, 'Event_Id': 8301, 'source': 'Microsoft-Windows-System-Restore', 'eventdata': ('\\\\?\\GLOBALROOT\\Device\\HarddiskVolumeShadowCopy5', '0x0', '694040', '1672055', '1315098', '149318', '163735', '157911'), 'recordnumber': 61991, 'Level': 4, 'message': 'Scoping completed for shadowcopy \\\\?\\GLOBALROOT\\Device\\HarddiskVolumeShadowCopy5.\r\n', 'log_category': 'system restore', 'Level_name': 'Information_type', 'Time': 'Fri Dec 16 12:40:57 2022'}]
--------------
[{'Count': 726, 'Event_Id': 8301, 'source': 'Microsoft-Windows-System-Restore', 'eventdata': ('\\\\?\\GLOBALROOT\\Device\\HarddiskVolumeShadowCopy4', '0x80070057', '694010', '1671963', '1315260', '149312', '163751', '157864'), 'recordnumber': 61989, 'Level': 4, 'message': 'Scoping completed for shadowcopy \\\\?\\GLOBALROOT\\Device\\HarddiskVolumeShadowCopy4.\r\n', 'log_category': 'system restore', 'Level_name': 'Information_type', 'Time': 'Fri Dec 16 12:39:20 2022'}]
--------------
[{'Count': 744, 'Event_Id': 1001, 'source': 'Windows Error Reporting', 'eventdata': ('2104691434397626322', '5', 'RADAR_PRE_LEAK_64', 'Not available', '0', 'TiWorker.exe', '10.0.19041.2300', '10.0.19044.2.0.0', '', '', '', '', '', '', '', '\r\n\\\\?\\C:\\Users\\Admin\\AppData\\Local\\Temp\\RDR85D4.tmp\\empty.txt\r\n\\\\?\\C:\\ProgramData\\Microsoft\\Windows\\WER\\Temp\\WER8671.tmp.WERInternalMetadata.xml\r\n\\\\?\\C:\\ProgramData\\Microsoft\\Windows\\WER\\Temp\\WER8808.tmp.xml\r\n\\\\?\\C:\\ProgramData\\Microsoft\\Windows\\WER\\Temp\\WER89CB.tmp.csv\r\n\\\\?\\C:\\ProgramData\\Microsoft\\Windows\\WER\\Temp\\WER9342.tmp.txt', '', '', '0', 'd72d2995-6a06-46fe-9b85-a60a9e784ed7', '268435456', 'b16b01d3b58b57fe7d355db55d13efd2', '0'), 'recordnumber': 61971, 'Level': 4, 'message': 'Fault bucket 2104691434397626322, type 5\r\nEvent Name: RADAR_PRE_LEAK_64\r\nResponse: Not available\r\nCab Id: 0\r\n\r\nProblem signature:\r\nP1: TiWorker.exe\r\nP2: 10.0.19041.2300\r\nP3: 10.0.19044.2.0.0\r\nP4: \r\nP5: \r\nP6: \r\nP7: \r\nP8: \r\nP9: \r\nP10: \r\n\r\nAttached files:\r\n\\\\?\\C:\\Users\\Admin\\AppData\\Local\\Temp\\RDR85D4.tmp\\empty.txt\r\n\\\\?\\C:\\ProgramData\\Microsoft\\Windows\\WER\\Temp\\WER8671.tmp.WERInternalMetadata.xml\r\n\\\\?\\C:\\ProgramData\\Microsoft\\Windows\\WER\\Temp\\WER8808.tmp.xml\r\n\\\\?\\C:\\ProgramData\\Microsoft\\Windows\\WER\\Temp\\WER89CB.tmp.csv\r\n\\\\?\\C:\\ProgramData\\Microsoft\\Windows\\WER\\Temp\\WER9342.tmp.txt\r\n\r\nThese files may be available here:\r\n\r\n\r\nAnalysis symbol: \r\nRechecking for solution: 0\r\nReport Id: d72d2995-6a06-46fe-9b85-a60a9e784ed7\r\nReport Status: 268435456\r\nHashed bucket: b16b01d3b58b57fe7d355db55d13efd2\r\nCab Guid: 0\r\n', 'log_category': 'windows defender', 'Level_name': 'Information_type', 'Time': 'Fri Dec 16 11:57:31 2022'}]
--------------
[{'Count': 744, 'Event_Id': 1001, 'source': 'Windows Error Reporting', 'eventdata': ('2104691434397626322', '5', 'RADAR_PRE_LEAK_64', 'Not available', '0', 'TiWorker.exe', '10.0.19041.2300', '10.0.19044.2.0.0', '', '', '', '', '', '', '', '\r\n\\\\?\\C:\\Users\\Admin\\AppData\\Local\\Temp\\RDR85D4.tmp\\empty.txt\r\n\\\\?\\C:\\ProgramData\\Microsoft\\Windows\\WER\\Temp\\WER8671.tmp.WERInternalMetadata.xml\r\n\\\\?\\C:\\ProgramData\\Microsoft\\Windows\\WER\\Temp\\WER8808.tmp.xml\r\n\\\\?\\C:\\ProgramData\\Microsoft\\Windows\\WER\\Temp\\WER89CB.tmp.csv\r\n\\\\?\\C:\\ProgramData\\Microsoft\\Windows\\WER\\Temp\\WER9342.tmp.txt', '', '', '0', 'd72d2995-6a06-46fe-9b85-a60a9e784ed7', '268435456', 'b16b01d3b58b57fe7d355db55d13efd2', '0'), 'recordnumber': 61971, 'Level': 4, 'message': 'Fault bucket 2104691434397626322, type 5\r\nEvent Name: RADAR_PRE_LEAK_64\r\nResponse: Not available\r\nCab Id: 0\r\n\r\nProblem signature:\r\nP1: TiWorker.exe\r\nP2: 10.0.19041.2300\r\nP3: 10.0.19044.2.0.0\r\nP4: \r\nP5: \r\nP6: \r\nP7: \r\nP8: \r\nP9: \r\nP10: \r\n\r\nAttached files:\r\n\\\\?\\C:\\Users\\Admin\\AppData\\Local\\Temp\\RDR85D4.tmp\\empty.txt\r\n\\\\?\\C:\\ProgramData\\Microsoft\\Windows\\WER\\Temp\\WER8671.tmp.WERInternalMetadata.xml\r\n\\\\?\\C:\\ProgramData\\Microsoft\\Windows\\WER\\Temp\\WER8808.tmp.xml\r\n\\\\?\\C:\\ProgramData\\Microsoft\\Windows\\WER\\Temp\\WER89CB.tmp.csv\r\n\\\\?\\C:\\ProgramData\\Microsoft\\Windows\\WER\\Temp\\WER9342.tmp.txt\r\n\r\nThese files may be available here:\r\n\r\n\r\nAnalysis symbol: \r\nRechecking for solution: 0\r\nReport Id: d72d2995-6a06-46fe-9b85-a60a9e784ed7\r\nReport Status: 268435456\r\nHashed bucket: b16b01d3b58b57fe7d355db55d13efd2\r\nCab Guid: 0\r\n', 'log_category': 'windows defender', 'Level_name': 'Information_type', 'Time': 'Fri Dec 16 11:57:31 2022'}, {'Count': 746, 'Event_Id': 8300, 'source': 'Microsoft-Windows-System-Restore', 'eventdata': ('\\\\?\\GLOBALROOT\\Device\\HarddiskVolumeShadowCopy5',), 'recordnumber': 61969, 'Level': 4, 'message': 'Scoping started for shadowcopy \\\\?\\GLOBALROOT\\Device\\HarddiskVolumeShadowCopy5.\r\n', 'log_category': 'system restore', 'Level_name': 'Information_type', 'Time': 'Fri Dec 16 11:25:28 2022'}]
--------------
[{'Count': 744, 'Event_Id': 1001, 'source': 'Windows Error Reporting', 'eventdata': ('2104691434397626322', '5', 'RADAR_PRE_LEAK_64', 'Not available', '0', 'TiWorker.exe', '10.0.19041.2300', '10.0.19044.2.0.0', '', '', '', '', '', '', '', '\r\n\\\\?\\C:\\Users\\Admin\\AppData\\Local\\Temp\\RDR85D4.tmp\\empty.txt\r\n\\\\?\\C:\\ProgramData\\Microsoft\\Windows\\WER\\Temp\\WER8671.tmp.WERInternalMetadata.xml\r\n\\\\?\\C:\\ProgramData\\Microsoft\\Windows\\WER\\Temp\\WER8808.tmp.xml\r\n\\\\?\\C:\\ProgramData\\Microsoft\\Windows\\WER\\Temp\\WER89CB.tmp.csv\r\n\\\\?\\C:\\ProgramData\\Microsoft\\Windows\\WER\\Temp\\WER9342.tmp.txt', '', '', '0', 'd72d2995-6a06-46fe-9b85-a60a9e784ed7', '268435456', 'b16b01d3b58b57fe7d355db55d13efd2', '0'), 'recordnumber': 61971, 'Level': 4, 'message': 'Fault bucket 2104691434397626322, type 5\r\nEvent Name: RADAR_PRE_LEAK_64\r\nResponse: Not available\r\nCab Id: 0\r\n\r\nProblem signature:\r\nP1: TiWorker.exe\r\nP2: 10.0.19041.2300\r\nP3: 10.0.19044.2.0.0\r\nP4: \r\nP5: \r\nP6: \r\nP7: \r\nP8: \r\nP9: \r\nP10: \r\n\r\nAttached files:\r\n\\\\?\\C:\\Users\\Admin\\AppData\\Local\\Temp\\RDR85D4.tmp\\empty.txt\r\n\\\\?\\C:\\ProgramData\\Microsoft\\Windows\\WER\\Temp\\WER8671.tmp.WERInternalMetadata.xml\r\n\\\\?\\C:\\ProgramData\\Microsoft\\Windows\\WER\\Temp\\WER8808.tmp.xml\r\n\\\\?\\C:\\ProgramData\\Microsoft\\Windows\\WER\\Temp\\WER89CB.tmp.csv\r\n\\\\?\\C:\\ProgramData\\Microsoft\\Windows\\WER\\Temp\\WER9342.tmp.txt\r\n\r\nThese files may be available here:\r\n\r\n\r\nAnalysis symbol: \r\nRechecking for solution: 0\r\nReport Id: d72d2995-6a06-46fe-9b85-a60a9e784ed7\r\nReport Status: 268435456\r\nHashed bucket: b16b01d3b58b57fe7d355db55d13efd2\r\nCab Guid: 0\r\n', 'log_category': 'windows defender', 'Level_name': 'Information_type', 'Time': 'Fri Dec 16 11:57:31 2022'}, {'Count': 746, 'Event_Id': 8300, 'source': 'Microsoft-Windows-System-Restore', 'eventdata': ('\\\\?\\GLOBALROOT\\Device\\HarddiskVolumeShadowCopy5',), 'recordnumber': 61969, 'Level': 4, 'message': 'Scoping started for shadowcopy \\\\?\\GLOBALROOT\\Device\\HarddiskVolumeShadowCopy5.\r\n', 'log_category': 'system restore', 'Level_name': 'Information_type', 'Time': 'Fri Dec 16 11:25:28 2022'}, {'Count': 747, 'Event_Id': 8194, 'source': 'System Restore', 'eventdata': ('C:\\Windows\\winsxs\\amd64_microsoft-windows-servicingstack_31bf3856ad364e35_10.0.19041.2300_none_7e14edbc7c88b7d5\\TiWorker.exe -Embedding', 'Windows Modules Installer'), 'recordnumber': 61968, 'Level': 4, 'message': 'Successfully created restore point (Process = C:\\Windows\\winsxs\\amd64_microsoft-windows-servicingstack_31bf3856ad364e35_10.0.19041.2300_none_7e14edbc7c88b7d5\\TiWorker.exe -Embedding; Description = Windows Modules Installer).\r\n', 'log_category': 'system restore', 'Level_name': 'Information_type', 'Time': 'Fri Dec 16 11:22:18 2022'}]
--------------
[{'Count': 744, 'Event_Id': 1001, 'source': 'Windows Error Reporting', 'eventdata': ('2104691434397626322', '5', 'RADAR_PRE_LEAK_64', 'Not available', '0', 'TiWorker.exe', '10.0.19041.2300', '10.0.19044.2.0.0', '', '', '', '', '', '', '', '\r\n\\\\?\\C:\\Users\\Admin\\AppData\\Local\\Temp\\RDR85D4.tmp\\empty.txt\r\n\\\\?\\C:\\ProgramData\\Microsoft\\Windows\\WER\\Temp\\WER8671.tmp.WERInternalMetadata.xml\r\n\\\\?\\C:\\ProgramData\\Microsoft\\Windows\\WER\\Temp\\WER8808.tmp.xml\r\n\\\\?\\C:\\ProgramData\\Microsoft\\Windows\\WER\\Temp\\WER89CB.tmp.csv\r\n\\\\?\\C:\\ProgramData\\Microsoft\\Windows\\WER\\Temp\\WER9342.tmp.txt', '', '', '0', 'd72d2995-6a06-46fe-9b85-a60a9e784ed7', '268435456', 'b16b01d3b58b57fe7d355db55d13efd2', '0'), 'recordnumber': 61971, 'Level': 4, 'message': 'Fault bucket 2104691434397626322, type 5\r\nEvent Name: RADAR_PRE_LEAK_64\r\nResponse: Not available\r\nCab Id: 0\r\n\r\nProblem signature:\r\nP1: TiWorker.exe\r\nP2: 10.0.19041.2300\r\nP3: 10.0.19044.2.0.0\r\nP4: \r\nP5: \r\nP6: \r\nP7: \r\nP8: \r\nP9: \r\nP10: \r\n\r\nAttached files:\r\n\\\\?\\C:\\Users\\Admin\\AppData\\Local\\Temp\\RDR85D4.tmp\\empty.txt\r\n\\\\?\\C:\\ProgramData\\Microsoft\\Windows\\WER\\Temp\\WER8671.tmp.WERInternalMetadata.xml\r\n\\\\?\\C:\\ProgramData\\Microsoft\\Windows\\WER\\Temp\\WER8808.tmp.xml\r\n\\\\?\\C:\\ProgramData\\Microsoft\\Windows\\WER\\Temp\\WER89CB.tmp.csv\r\n\\\\?\\C:\\ProgramData\\Microsoft\\Windows\\WER\\Temp\\WER9342.tmp.txt\r\n\r\nThese files may be available here:\r\n\r\n\r\nAnalysis symbol: \r\nRechecking for solution: 0\r\nReport Id: d72d2995-6a06-46fe-9b85-a60a9e784ed7\r\nReport Status: 268435456\r\nHashed bucket: b16b01d3b58b57fe7d355db55d13efd2\r\nCab Guid: 0\r\n', 'log_category': 'windows defender', 'Level_name': 'Information_type', 'Time': 'Fri Dec 16 11:57:31 2022'}, {'Count': 746, 'Event_Id': 8300, 'source': 'Microsoft-Windows-System-Restore', 'eventdata': ('\\\\?\\GLOBALROOT\\Device\\HarddiskVolumeShadowCopy5',), 'recordnumber': 61969, 'Level': 4, 'message': 'Scoping started for shadowcopy \\\\?\\GLOBALROOT\\Device\\HarddiskVolumeShadowCopy5.\r\n', 'log_category': 'system restore', 'Level_name': 'Information_type', 'Time': 'Fri Dec 16 11:25:28 2022'}, {'Count': 747, 'Event_Id': 8194, 'source': 'System Restore', 'eventdata': ('C:\\Windows\\winsxs\\amd64_microsoft-windows-servicingstack_31bf3856ad364e35_10.0.19041.2300_none_7e14edbc7c88b7d5\\TiWorker.exe -Embedding', 'Windows Modules Installer'), 'recordnumber': 61968, 'Level': 4, 'message': 'Successfully created restore point (Process = C:\\Windows\\winsxs\\amd64_microsoft-windows-servicingstack_31bf3856ad364e35_10.0.19041.2300_none_7e14edbc7c88b7d5\\TiWorker.exe -Embedding; Description = Windows Modules Installer).\r\n', 'log_category': 'system restore', 'Level_name': 'Information_type', 'Time': 'Fri Dec 16 11:22:18 2022'}, {'Count': 749, 'Event_Id': 8300, 'source': 'Microsoft-Windows-System-Restore', 'eventdata': ('\\\\?\\GLOBALROOT\\Device\\HarddiskVolumeShadowCopy4',), 'recordnumber': 61966, 'Level': 4, 'message': 'Scoping started for shadowcopy \\\\?\\GLOBALROOT\\Device\\HarddiskVolumeShadowCopy4.\r\n', 'log_category': 'system restore', 'Level_name': 'Information_type', 'Time': 'Fri Dec 16 11:05:24 2022'}]
--------------
[{'Count': 744, 'Event_Id': 1001, 'source': 'Windows Error Reporting', 'eventdata': ('2104691434397626322', '5', 'RADAR_PRE_LEAK_64', 'Not available', '0', 'TiWorker.exe', '10.0.19041.2300', '10.0.19044.2.0.0', '', '', '', '', '', '', '', '\r\n\\\\?\\C:\\Users\\Admin\\AppData\\Local\\Temp\\RDR85D4.tmp\\empty.txt\r\n\\\\?\\C:\\ProgramData\\Microsoft\\Windows\\WER\\Temp\\WER8671.tmp.WERInternalMetadata.xml\r\n\\\\?\\C:\\ProgramData\\Microsoft\\Windows\\WER\\Temp\\WER8808.tmp.xml\r\n\\\\?\\C:\\ProgramData\\Microsoft\\Windows\\WER\\Temp\\WER89CB.tmp.csv\r\n\\\\?\\C:\\ProgramData\\Microsoft\\Windows\\WER\\Temp\\WER9342.tmp.txt', '', '', '0', 'd72d2995-6a06-46fe-9b85-a60a9e784ed7', '268435456', 'b16b01d3b58b57fe7d355db55d13efd2', '0'), 'recordnumber': 61971, 'Level': 4, 'message': 'Fault bucket 2104691434397626322, type 5\r\nEvent Name: RADAR_PRE_LEAK_64\r\nResponse: Not available\r\nCab Id: 0\r\n\r\nProblem signature:\r\nP1: TiWorker.exe\r\nP2: 10.0.19041.2300\r\nP3: 10.0.19044.2.0.0\r\nP4: \r\nP5: \r\nP6: \r\nP7: \r\nP8: \r\nP9: \r\nP10: \r\n\r\nAttached files:\r\n\\\\?\\C:\\Users\\Admin\\AppData\\Local\\Temp\\RDR85D4.tmp\\empty.txt\r\n\\\\?\\C:\\ProgramData\\Microsoft\\Windows\\WER\\Temp\\WER8671.tmp.WERInternalMetadata.xml\r\n\\\\?\\C:\\ProgramData\\Microsoft\\Windows\\WER\\Temp\\WER8808.tmp.xml\r\n\\\\?\\C:\\ProgramData\\Microsoft\\Windows\\WER\\Temp\\WER89CB.tmp.csv\r\n\\\\?\\C:\\ProgramData\\Microsoft\\Windows\\WER\\Temp\\WER9342.tmp.txt\r\n\r\nThese files may be available here:\r\n\r\n\r\nAnalysis symbol: \r\nRechecking for solution: 0\r\nReport Id: d72d2995-6a06-46fe-9b85-a60a9e784ed7\r\nReport Status: 268435456\r\nHashed bucket: b16b01d3b58b57fe7d355db55d13efd2\r\nCab Guid: 0\r\n', 'log_category': 'windows defender', 'Level_name': 'Information_type', 'Time': 'Fri Dec 16 11:57:31 2022'}, {'Count': 746, 'Event_Id': 8300, 'source': 'Microsoft-Windows-System-Restore', 'eventdata': ('\\\\?\\GLOBALROOT\\Device\\HarddiskVolumeShadowCopy5',), 'recordnumber': 61969, 'Level': 4, 'message': 'Scoping started for shadowcopy \\\\?\\GLOBALROOT\\Device\\HarddiskVolumeShadowCopy5.\r\n', 'log_category': 'system restore', 'Level_name': 'Information_type', 'Time': 'Fri Dec 16 11:25:28 2022'}, {'Count': 747, 'Event_Id': 8194, 'source': 'System Restore', 'eventdata': ('C:\\Windows\\winsxs\\amd64_microsoft-windows-servicingstack_31bf3856ad364e35_10.0.19041.2300_none_7e14edbc7c88b7d5\\TiWorker.exe -Embedding', 'Windows Modules Installer'), 'recordnumber': 61968, 'Level': 4, 'message': 'Successfully created restore point (Process = C:\\Windows\\winsxs\\amd64_microsoft-windows-servicingstack_31bf3856ad364e35_10.0.19041.2300_none_7e14edbc7c88b7d5\\TiWorker.exe -Embedding; Description = Windows Modules Installer).\r\n', 'log_category': 'system restore', 'Level_name': 'Information_type', 'Time': 'Fri Dec 16 11:22:18 2022'}, {'Count': 749, 'Event_Id': 8300, 'source': 'Microsoft-Windows-System-Restore', 'eventdata': ('\\\\?\\GLOBALROOT\\Device\\HarddiskVolumeShadowCopy4',), 'recordnumber': 61966, 'Level': 4, 'message': 'Scoping started for shadowcopy \\\\?\\GLOBALROOT\\Device\\HarddiskVolumeShadowCopy4.\r\n', 'log_category': 'system restore', 'Level_name': 'Information_type', 'Time': 'Fri Dec 16 11:05:24 2022'}, {'Count': 750, 'Event_Id': 8194, 'source': 'System Restore', 'eventdata': ('C:\\Windows\\winsxs\\amd64_microsoft-windows-servicingstack_31bf3856ad364e35_10.0.19041.2180_none_7e328fe47c714aab\\TiWorker.exe -Embedding', 'Windows Modules Installer'), 'recordnumber': 61965, 'Level': 4, 'message': 'Successfully created restore point (Process = C:\\Windows\\winsxs\\amd64_microsoft-windows-servicingstack_31bf3856ad364e35_10.0.19041.2180_none_7e328fe47c714aab\\TiWorker.exe -Embedding; Description = Windows Modules Installer).\r\n', 'log_category': 'system restore', 'Level_name': 'Information_type', 'Time': 'Fri Dec 16 11:03:53 2022'}]