[{'time': pywintypes.datetime(2022, 12, 22, 14, 26, 5), 'Count': 49, 'Event_Id': 19, 'source': 'Microsoft-Windows-WindowsUpdateClient', 'eventdata': ('Synaptics - Mouse - 9/19/2018 12:00:00 AM - 19.2.17.70', '{f24fac24-5530-43e2-aa1b-e57d297168d5}', '1', '{8b24b027-1dee-babb-9a95-3517dfb9c552}'), 'recordnumber': 55446, 'Level': 4, 'message': 'Installation Successful: Windows successfully installed the following update: Synaptics - Mouse - 9/19/2018 12:00:00 AM - 19.2.17.70\r\n', 'log_category': 'windows defender', 'Level_name': 'Information_type'}, {'time': pywintypes.datetime(2022, 12, 22, 14, 25, 56), 'Count': 50, 'Event_Id': 43, 'source': 'Microsoft-Windows-WindowsUpdateClient', 'eventdata': ('Synaptics - Mouse - 9/19/2018 12:00:00 AM - 19.2.17.70', '{f24fac24-5530-43e2-aa1b-e57d297168d5}', '1'), 'recordnumber': 55445, 'Level': 4, 'message': 'Installation Started: Windows has started installing the following update: Synaptics - Mouse - 9/19/2018 12:00:00 AM - 19.2.17.70\r\n', 'log_category': 'windows defender', 'Level_name': 'Information_type'}, {'time': pywintypes.datetime(2022, 12, 22, 14, 7, 26), 'Count': 51, 'Event_Id': 19, 'source': 'Microsoft-Windows-WindowsUpdateClient', 'eventdata': ('Security Intelligence Update for Microsoft Defender Antivirus - KB2267602 (Version 1.381.877.0)', '{3b026424-024b-47be-818f-3675819f72e3}', '200', '{9482f4b4-e343-43b6-b170-9a65bc822c77}'), 'recordnumber': 55444, 'Level': 4, 'message': 'Installation Successful: Windows successfully installed the following update: Security Intelligence Update for Microsoft Defender Antivirus - KB2267602 (Version 1.381.877.0)\r\n', 'log_category': 'windows defender', 'Level_name': 'Information_type'}, {'time': pywintypes.datetime(2022, 12, 22, 14, 6, 55), 'Count': 52, 'Event_Id': 43, 'source': 'Microsoft-Windows-WindowsUpdateClient', 'eventdata': ('Security Intelligence Update for Microsoft Defender Antivirus - KB2267602 (Version 1.381.877.0)', '{3b026424-024b-47be-818f-3675819f72e3}', '200'), 'recordnumber': 55443, 'Level': 4, 'message': 'Installation Started: Windows has started installing the following update: Security Intelligence Update for Microsoft Defender Antivirus - KB2267602 (Version 1.381.877.0)\r\n', 'log_category': 'windows defender', 'Level_name': 'Information_type'}, {'time': pywintypes.datetime(2022, 12, 22, 14, 6, 54), 'Count': 53, 'Event_Id': 44, 'source': 'Microsoft-Windows-WindowsUpdateClient', 'eventdata': ('Security Intelligence Update for Microsoft Defender Antivirus - KB2267602 (Version 1.381.877.0)', '{3b026424-024b-47be-818f-3675819f72e3}', '200'), 'recordnumber': 55442, 'Level': 4, 'message': 'Windows Update started downloading an update.\r\n', 'log_category': 'windows defender', 'Level_name': 'Information_type'}]
[{'time': pywintypes.datetime(2022, 12, 22, 12, 16, 46), 'Count': 59, 'Event_Id': 1, 'source': 'Microsoft-Windows-Kernel-General', 'eventdata': ('2022-12-22T06:46:46.0032550Z', '2022-12-22T06:46:46.0029578Z', '1', '\\Device\\HarddiskVolume2\\Windows\\System32\\svchost.exe', '9824'), 'recordnumber': 55436, 'Level': 4, 'message': 'Possible detection of CVE: 2022-12-22T06:46:46.0032550Z\r\nAdditional Information: 2022-12-22T06:46:46.0029578Z\r\n\r\nThis Event is generated when an attempt to exploit a known vulnerability (2022-12-22T06:46:46.0032550Z) is detected.\r\nThis Event is raised by a User mode process.\r\n\r\n', 'log_category': 'process creation', 'Level_name': 'Information_type'}, {'time': pywintypes.datetime(2022, 12, 22, 12, 1, 40), 'Count': 64, 'Event_Id': 19, 'source': 'Microsoft-Windows-WindowsUpdateClient', 'eventdata': ('Security Intelligence Update for Microsoft Defender Antivirus - KB2267602 (Version 1.381.872.0)', '{532d3f4c-1005-4361-8d89-d26c13dd7a57}', '200', '{9482f4b4-e343-43b6-b170-9a65bc822c77}'), 'recordnumber': 55431, 'Level': 4, 'message': 'Installation Successful: Windows successfully installed the following update: Security Intelligence Update for Microsoft Defender Antivirus - KB2267602 (Version 1.381.872.0)\r\n', 'log_category': 'windows defender', 'Level_name': 'Information_type'}, {'time': pywintypes.datetime(2022, 12, 22, 12, 0, 29), 'Count': 65, 'Event_Id': 43, 'source': 'Microsoft-Windows-WindowsUpdateClient', 'eventdata': ('Security Intelligence Update for Microsoft Defender Antivirus - KB2267602 (Version 1.381.872.0)', '{532d3f4c-1005-4361-8d89-d26c13dd7a57}', '200'), 'recordnumber': 55430, 'Level': 4, 'message': 'Installation Started: Windows has started installing the following update: Security Intelligence Update for Microsoft Defender Antivirus - KB2267602 (Version 1.381.872.0)\r\n', 'log_category': 'windows defender', 'Level_name': 'Information_type'}]
[{'time': pywintypes.datetime(2022, 12, 22, 12, 0, 29), 'Count': 66, 'Event_Id': 44, 'source': 'Microsoft-Windows-WindowsUpdateClient', 'eventdata': ('Security Intelligence Update for Microsoft Defender Antivirus - KB2267602 (Version 1.381.872.0)', '{532d3f4c-1005-4361-8d89-d26c13dd7a57}', '200'), 'recordnumber': 55429, 'Level': 4, 'message': 'Windows Update started downloading an update.\r\n', 'log_category': 'windows defender', 'Level_name': 'Information_type'}, {'time': pywintypes.datetime(2022, 12, 22, 12, 0), 'Count': 67, 'Event_Id': -2147477635, 'source': 'EventLog', 'eventdata': ('', '', '', '', '510779', '60', '-330 India Standard Time'), 'recordnumber': 55428, 'Level': 4, 'message': 'The system uptime is 510779 seconds.\r\n', 'log_category': 'systemlog', 'Level_name': 'Information_type'}, {'time': pywintypes.datetime(2022, 12, 22, 11, 9, 50), 'Count': 71, 'Event_Id': 1, 'source': 'Microsoft-Windows-Power-Troubleshooter', 'eventdata': ('2022-12-22T04:45:14.0672943Z', '2022-12-22T05:39:43.4282181Z', '6240', '930', '230', '2099', '0', '0', '0', '1912622080', '4', '4', '1', '0', '', '0', '0', '0', '', '', '3610'), 'recordnumber': 55424, 'Level': 4, 'message': 'The system has returned from a low power state.\r\n\r\nSleep Time: 2022-12-22T04:45:14.0672943Z\r\nWake Time: 2022-12-22T05:39:43.4282181Z\r\n\r\nWake Source: 1\r\n', 'log_category': 'process creation', 'Level_name': 'Information_type'}, {'time': pywintypes.datetime(2022, 12, 22, 11, 9, 43), 'Count': 72, 'Event_Id': -2147483647, 'source': 'rt640x64', 'eventdata': ('\\Device\\NDMP2', 'Realtek PCIe FE Family Controller'), 'recordnumber': 55423, 'Level': 2, 'message': 'Realtek PCIe FE Family Controller is disconnected from network.\r\n', 'log_category': 'process creation', 'Level_name': 'Warning_type'}, {'time': pywintypes.datetime(2022, 12, 22, 11, 9, 42), 'Count': 74, 'Event_Id': 1, 'source': 'Microsoft-Windows-Kernel-General', 'eventdata': ('2022-12-22T05:39:42.5000000Z', '2022-12-22T04:45:20.9663625Z', '2', '', '4'), 'recordnumber': 55421, 'Level': 4, 'message': 'Possible detection of CVE: 2022-12-22T05:39:42.5000000Z\r\nAdditional Information: 2022-12-22T04:45:20.9663625Z\r\n\r\nThis Event is generated when an attempt to exploit a known vulnerability (2022-12-22T05:39:42.5000000Z) is detected.\r\nThis Event is raised by a User mode process.\r\n\r\n', 'log_category': 'process creation', 'Level_name': 'Information_type'}, {'time': pywintypes.datetime(2022, 12, 22, 10, 15, 20), 'Count': 76, 'Event_Id': 42, 'source': 'Microsoft-Windows-Kernel-Power', 'eventdata': ('4', '4', '7', '0', '36'), 'recordnumber': 55419, 'Level': 4, 'message': '', 'log_category': 'The system is entering sleep', 'Level_name': 'Information_type'}]
[{'time': pywintypes.datetime(2022, 12, 22, 8, 15, 58), 'Count': 83, 'Event_Id': 1, 'source': 'Microsoft-Windows-Power-Troubleshooter', 'eventdata': ('2022-12-21T18:48:33.2937551Z', '2022-12-22T02:45:51.9065055Z', '12266', '3419', '204', '14085', '8799', '9028', '262741', '1912619521', '5', '5', '0', '0', '', '0', '0', '0', '', '', '1934'), 'recordnumber': 55412, 'Level': 4, 'message': 'The system has returned from a low power state.\r\n\r\nSleep Time: 2022-12-21T18:48:33.2937551Z\r\nWake Time: 2022-12-22T02:45:51.9065055Z\r\n\r\nWake Source: 0\r\n', 'log_category': 'process creation', 'Level_name': 'Information_type'}, {'time': pywintypes.datetime(2022, 12, 22, 8, 15, 49), 'Count': 89, 'Event_Id': -2147483647, 'source': 'rt640x64', 'eventdata': ('\\Device\\NDMP2', 'Realtek PCIe FE Family Controller'), 'recordnumber': 55406, 'Level': 2, 'message': 'Realtek PCIe FE Family Controller is disconnected from network.\r\n', 'log_category': 'process creation', 'Level_name': 'Warning_type'}, {'time': pywintypes.datetime(2022, 12, 22, 8, 15, 48), 'Count': 90, 'Event_Id': 1, 'source': 'Microsoft-Windows-Kernel-General', 'eventdata': ('2022-12-22T02:45:48.5000000Z', '2022-12-21T18:48:45.9253223Z', '2', '', '4'), 'recordnumber': 55405, 'Level': 4, 'message': 'Possible detection of CVE: 2022-12-22T02:45:48.5000000Z\r\nAdditional Information: 2022-12-21T18:48:45.9253223Z\r\n\r\nThis Event is generated when an attempt to exploit a known vulnerability (2022-12-22T02:45:48.5000000Z) is detected.\r\nThis Event is raised by a User mode process.\r\n\r\n', 'log_category': 'process creation', 'Level_name': 'Information_type'}, {'time': pywintypes.datetime(2022, 12, 22, 0, 18, 41), 'Count': 92, 'Event_Id': 42, 'source': 'Microsoft-Windows-Kernel-Power', 'eventdata': ('5', '5', '6', '4', '34'), 'recordnumber': 55403, 'Level': 4, 'message': '', 'log_category': 'The system is entering sleep', 'Level_name': 'Information_type'}, {'time': pywintypes.datetime(2022, 12, 22, 0, 18, 35), 'Count': 93, 'Event_Id': 1, 'source': 'Microsoft-Windows-Power-Troubleshooter', 'eventdata': ('2022-12-21T18:48:33.2937551Z', '2022-12-21T18:48:33.2937551Z', '0', '0', '0', '0', '0', '0', '0', '268517888', '0', '0', '3', '0', '', '0', '0', '0', '', '', '0'), 'recordnumber': 55402, 'Level': 4, 'message': 'The system has returned from a low power state.\r\n\r\nSleep Time: 2022-12-21T18:48:33.2937551Z\r\nWake Time: 2022-12-21T18:48:33.2937551Z\r\n\r\nWake Source: 3\r\n', 'log_category': 'process creation', 'Level_name': 'Information_type'}]
[{'time': pywintypes.datetime(2022, 12, 22, 0, 18, 33), 'Count': 94, 'Event_Id': -2147483647, 'source': 'rt640x64', 'eventdata': ('\\Device\\NDMP2', 'Realtek PCIe FE Family Controller'), 'recordnumber': 55401, 'Level': 2, 'message': 'Realtek PCIe FE Family Controller is disconnected from network.\r\n', 'log_category': 'process creation', 'Level_name': 'Warning_type'}, {'time': pywintypes.datetime(2022, 12, 22, 0, 18, 32), 'Count': 96, 'Event_Id': 1, 'source': 'Microsoft-Windows-Kernel-General', 'eventdata': ('2022-12-21T18:48:32.5000000Z', '2022-12-21T15:48:30.5914278Z', '2', '', '4'), 'recordnumber': 55399, 'Level': 4, 'message': 'Possible detection of CVE: 2022-12-21T18:48:32.5000000Z\r\nAdditional Information: 2022-12-21T15:48:30.5914278Z\r\n\r\nThis Event is generated when an attempt to exploit a known vulnerability (2022-12-21T18:48:32.5000000Z) is detected.\r\nThis Event is raised by a User mode process.\r\n\r\n', 'log_category': 'process creation', 'Level_name': 'Information_type'}, {'time': pywintypes.datetime(2022, 12, 21, 21, 18, 29), 'Count': 98, 'Event_Id': 42, 'source': 'Microsoft-Windows-Kernel-Power', 'eventdata': ('4', '4', '0', '4', '33'), 'recordnumber': 55397, 'Level': 4, 'message': '', 'log_category': 'The system is entering sleep', 'Level_name': 'Information_type'}, {'time': pywintypes.datetime(2022, 12, 21, 20, 22, 48), 'Count': 100, 'Event_Id': 1, 'source': 'Microsoft-Windows-Power-Troubleshooter', 'eventdata': ('2022-12-21T13:31:46.2345549Z', '2022-12-21T14:52:43.4452304Z', '2220', '943', '202', '2106', '0', '0', '0', '1912622080', '4', '4', '1', '0', '', '0', '0', '0', '', '', '1432'), 'recordnumber': 55395, 'Level': 4, 'message': 'The system has returned from a low power state.\r\n\r\nSleep Time: 2022-12-21T13:31:46.2345549Z\r\nWake Time: 2022-12-21T14:52:43.4452304Z\r\n\r\nWake Source: 1\r\n', 'log_category': 'process creation', 'Level_name': 'Information_type'}, {'time': pywintypes.datetime(2022, 12, 21, 20, 22, 43), 'Count': 101, 'Event_Id': -2147483647, 'source': 'rt640x64', 'eventdata': ('\\Device\\NDMP2', 'Realtek PCIe FE Family Controller'), 'recordnumber': 55394, 'Level': 2, 'message': 'Realtek PCIe FE Family Controller is disconnected from network.\r\n', 'log_category': 'process creation', 'Level_name': 'Warning_type'}, {'time': pywintypes.datetime(2022, 12, 21, 20, 22, 42), 'Count': 103, 'Event_Id': 1, 'source': 'Microsoft-Windows-Kernel-General', 'eventdata': ('2022-12-21T14:52:42.5000000Z', '2022-12-21T13:31:49.1265062Z', '2', '', '4'), 'recordnumber': 55392, 'Level': 4, 'message': 'Possible detection of CVE: 2022-12-21T14:52:42.5000000Z\r\nAdditional Information: 2022-12-21T13:31:49.1265062Z\r\n\r\nThis Event is generated when an attempt to exploit a known vulnerability (2022-12-21T14:52:42.5000000Z) is detected.\r\nThis Event is raised by a User mode process.\r\n\r\n', 'log_category': 'process creation', 'Level_name': 'Information_type'}, {'time': pywintypes.datetime(2022, 12, 21, 19, 1, 48), 'Count': 105, 'Event_Id': 42, 'source': 'Microsoft-Windows-Kernel-Power', 'eventdata': ('4', '4', '7', '0', '31'), 'recordnumber': 55390, 'Level': 4, 'message': '', 'log_category': 'The system is entering sleep', 'Level_name': 'Information_type'}]
[{'time': pywintypes.datetime(2022, 12, 21, 18, 16, 30), 'Count': 109, 'Event_Id': 1, 'source': 'Microsoft-Windows-Power-Troubleshooter', 'eventdata': ('2022-12-21T12:29:02.1975747Z', '2022-12-21T12:46:24.9122970Z', '6582', '1420', '205', '2096', '0', '0', '0', '1912622080', '4', '4', '1', '0', '', '0', '0', '0', '', '', '4044'), 'recordnumber': 55386, 'Level': 4, 'message': 'The system has returned from a low power state.\r\n\r\nSleep Time: 2022-12-21T12:29:02.1975747Z\r\nWake Time: 2022-12-21T12:46:24.9122970Z\r\n\r\nWake Source: 1\r\n', 'log_category': 'process creation', 'Level_name': 'Information_type'}, {'time': pywintypes.datetime(2022, 12, 21, 18, 16, 24), 'Count': 110, 'Event_Id': -2147483647, 'source': 'rt640x64', 'eventdata': ('\\Device\\NDMP2', 'Realtek PCIe FE Family Controller'), 'recordnumber': 55385, 'Level': 2, 'message': 'Realtek PCIe FE Family Controller is disconnected from network.\r\n', 'log_category': 'process creation', 'Level_name': 'Warning_type'}, {'time': pywintypes.datetime(2022, 12, 21, 18, 16, 23), 'Count': 112, 'Event_Id': 1, 'source': 'Microsoft-Windows-Kernel-General', 'eventdata': ('2022-12-21T12:46:23.5000000Z', '2022-12-21T12:29:09.4712141Z', '2', '', '4'), 'recordnumber': 55383, 'Level': 4, 'message': 'Possible detection of CVE: 2022-12-21T12:46:23.5000000Z\r\nAdditional Information: 2022-12-21T12:29:09.4712141Z\r\n\r\nThis Event is generated when an attempt to exploit a known vulnerability (2022-12-21T12:46:23.5000000Z) is detected.\r\nThis Event is raised by a User mode process.\r\n\r\n', 'log_category': 'process creation', 'Level_name': 'Information_type'}, {'time': pywintypes.datetime(2022, 12, 21, 17, 59, 8), 'Count': 114, 'Event_Id': 42, 'source': 'Microsoft-Windows-Kernel-Power', 'eventdata': ('4', '4', '7', '0', '29'), 'recordnumber': 55381, 'Level': 4, 'message': '', 'log_category': 'The system is entering sleep', 'Level_name': 'Information_type'}, {'time': pywintypes.datetime(2022, 12, 21, 16, 35, 43), 'Count': 116, 'Event_Id': 19, 'source': 'Microsoft-Windows-WindowsUpdateClient', 'eventdata': ('Synaptics - Mouse - 9/19/2018 12:00:00 AM - 19.2.17.70', '{f24fac24-5530-43e2-aa1b-e57d297168d5}', '1', '{8b24b027-1dee-babb-9a95-3517dfb9c552}'), 'recordnumber': 55379, 'Level': 4, 'message': 'Installation Successful: Windows successfully installed the following update: Synaptics - Mouse - 9/19/2018 12:00:00 AM - 19.2.17.70\r\n', 'log_category': 'windows defender', 'Level_name': 'Information_type'}, {'time': pywintypes.datetime(2022, 12, 21, 16, 35, 35), 'Count': 117, 'Event_Id': 43, 'source': 'Microsoft-Windows-WindowsUpdateClient', 'eventdata': ('Synaptics - Mouse - 9/19/2018 12:00:00 AM - 19.2.17.70', '{f24fac24-5530-43e2-aa1b-e57d297168d5}', '1'), 'recordnumber': 55378, 'Level': 4, 'message': 'Installation Started: Windows has started installing the following update: Synaptics - Mouse - 9/19/2018 12:00:00 AM - 19.2.17.70\r\n', 'log_category': 'windows defender', 'Level_name': 'Information_type'}, {'time': pywintypes.datetime(2022, 12, 21, 14, 16, 20), 'Count': 118, 'Event_Id': 1, 'source': 'Microsoft-Windows-Power-Troubleshooter', 'eventdata': ('2022-12-21T08:37:09.0166007Z', '2022-12-21T08:46:13.1099441Z', '8618', '1609', '1050', '2097', '0', '0', '0', '1912622080', '4', '4', '1', '0', '', '0', '0', '0', '', '', '1830'), 'recordnumber': 55377, 'Level': 4, 'message': 'The system has returned from a low power state.\r\n\r\nSleep Time: 2022-12-21T08:37:09.0166007Z\r\nWake Time: 2022-12-21T08:46:13.1099441Z\r\n\r\nWake Source: 1\r\n', 'log_category': 'process creation', 'Level_name': 'Information_type'}]
[{'time': pywintypes.datetime(2022, 12, 21, 14, 16, 12), 'Count': 119, 'Event_Id': -2147483647, 'source': 'rt640x64', 'eventdata': ('\\Device\\NDMP2', 'Realtek PCIe FE Family Controller'), 'recordnumber': 55376, 'Level': 2, 'message': 'Realtek PCIe FE Family Controller is disconnected from network.\r\n', 'log_category': 'process creation', 'Level_name': 'Warning_type'}, {'time': pywintypes.datetime(2022, 12, 21, 14, 16, 11), 'Count': 121, 'Event_Id': 1, 'source': 'Microsoft-Windows-Kernel-General', 'eventdata': ('2022-12-21T08:46:11.5000000Z', '2022-12-21T08:37:18.3237532Z', '2', '', '4'), 'recordnumber': 55374, 'Level': 4, 'message': 'Possible detection of CVE: 2022-12-21T08:46:11.5000000Z\r\nAdditional Information: 2022-12-21T08:37:18.3237532Z\r\n\r\nThis Event is generated when an attempt to exploit a known vulnerability (2022-12-21T08:46:11.5000000Z) is detected.\r\nThis Event is raised by a User mode process.\r\n\r\n', 'log_category': 'process creation', 'Level_name': 'Information_type'}, {'time': pywintypes.datetime(2022, 12, 21, 14, 7, 17), 'Count': 123, 'Event_Id': 42, 'source': 'Microsoft-Windows-Kernel-Power', 'eventdata': ('4', '4', '7', '0', '27'), 'recordnumber': 55372, 'Level': 4, 'message': '', 'log_category': 'The system is entering sleep', 'Level_name': 'Information_type'}, {'time': pywintypes.datetime(2022, 12, 21, 12, 33, 22), 'Count': 126, 'Event_Id': 1, 'source': 'Microsoft-Windows-Power-Troubleshooter', 'eventdata': ('2022-12-21T06:52:18.1831522Z', '2022-12-21T07:03:18.2903718Z', '6610', '1789', '196', '2098', '0', '0', '0', '1912622080', '4', '4', '1', '0', '', '0', '0', '0', '', '', '2518'), 'recordnumber': 55369, 'Level': 4, 'message': 'The system has returned from a low power state.\r\n\r\nSleep Time: 2022-12-21T06:52:18.1831522Z\r\nWake Time: 2022-12-21T07:03:18.2903718Z\r\n\r\nWake Source: 1\r\n', 'log_category': 'process creation', 'Level_name': 'Information_type'}, {'time': pywintypes.datetime(2022, 12, 21, 12, 33, 17), 'Count': 127, 'Event_Id': -2147483647, 'source': 'rt640x64', 'eventdata': ('\\Device\\NDMP2', 'Realtek PCIe FE Family Controller'), 'recordnumber': 55368, 'Level': 2, 'message': 'Realtek PCIe FE Family Controller is disconnected from network.\r\n', 'log_category': 'process creation', 'Level_name': 'Warning_type'}, {'time': pywintypes.datetime(2022, 12, 21, 12, 33, 16), 'Count': 129, 'Event_Id': 1, 'source': 'Microsoft-Windows-Kernel-General', 'eventdata': ('2022-12-21T07:03:16.5000000Z', '2022-12-21T06:52:25.6598754Z', '2', '', '4'), 'recordnumber': 55366, 'Level': 4, 'message': 'Possible detection of CVE: 2022-12-21T07:03:16.5000000Z\r\nAdditional Information: 2022-12-21T06:52:25.6598754Z\r\n\r\nThis Event is generated when an attempt to exploit a known vulnerability (2022-12-21T07:03:16.5000000Z) is detected.\r\nThis Event is raised by a User mode process.\r\n\r\n', 'log_category': 'process creation', 'Level_name': 'Information_type'}, {'time': pywintypes.datetime(2022, 12, 21, 12, 22, 24), 'Count': 131, 'Event_Id': 1, 'source': 'Microsoft-Windows-Kernel-General', 'eventdata': ('2022-12-21T06:52:23.5000000Z', '2022-12-21T06:52:24.7901018Z', '2', '', '4'), 'recordnumber': 55364, 'Level': 4, 'message': 'Possible detection of CVE: 2022-12-21T06:52:23.5000000Z\r\nAdditional Information: 2022-12-21T06:52:24.7901018Z\r\n\r\nThis Event is generated when an attempt to exploit a known vulnerability (2022-12-21T06:52:23.5000000Z) is detected.\r\nThis Event is raised by a User mode process.\r\n\r\n', 'log_category': 'process creation', 'Level_name': 'Information_type'}, {'time': pywintypes.datetime(2022, 12, 21, 12, 22, 24), 'Count': 132, 'Event_Id': 42, 'source': 'Microsoft-Windows-Kernel-Power', 'eventdata': ('4', '4', '7', '0', '25'), 'recordnumber': 55363, 'Level': 4, 'message': '', 'log_category': 'The system is entering sleep', 'Level_name': 'Information_type'}]
[{'time': pywintypes.datetime(2022, 12, 21, 12, 0), 'Count': 134, 'Event_Id': -2147477635, 'source': 'EventLog', 'eventdata': ('', '', '', '', '424378', '60', '-330 India Standard Time'), 'recordnumber': 55361, 'Level': 4, 'message': 'The system uptime is 424378 seconds.\r\n', 'log_category': 'systemlog', 'Level_name': 'Information_type'}]
[]
[{'time': pywintypes.datetime(2022, 12, 21, 9, 50, 44), 'Count': 151, 'Event_Id': 1, 'source': 'Microsoft-Windows-Kernel-General', 'eventdata': ('2022-12-21T04:20:44.9948326Z', '2022-12-21T04:20:44.9920913Z', '1', '\\Device\\HarddiskVolume2\\Windows\\System32\\svchost.exe', '1088'), 'recordnumber': 55344, 'Level': 4, 'message': 'Possible detection of CVE: 2022-12-21T04:20:44.9948326Z\r\nAdditional Information: 2022-12-21T04:20:44.9920913Z\r\n\r\nThis Event is generated when an attempt to exploit a known vulnerability (2022-12-21T04:20:44.9948326Z) is detected.\r\nThis Event is raised by a User mode process.\r\n\r\n', 'log_category': 'process creation', 'Level_name': 'Information_type'}, {'time': pywintypes.datetime(2022, 12, 21, 9, 50, 44), 'Count': 153, 'Event_Id': 1, 'source': 'Microsoft-Windows-Kernel-General', 'eventdata': ('2022-12-21T04:20:44.9920913Z', '2022-12-21T04:20:44.9903129Z', '1', '\\Device\\HarddiskVolume2\\Windows\\System32\\svchost.exe', '1088'), 'recordnumber': 55342, 'Level': 4, 'message': 'Possible detection of CVE: 2022-12-21T04:20:44.9920913Z\r\nAdditional Information: 2022-12-21T04:20:44.9903129Z\r\n\r\nThis Event is generated when an attempt to exploit a known vulnerability (2022-12-21T04:20:44.9920913Z) is detected.\r\nThis Event is raised by a User mode process.\r\n\r\n', 'log_category': 'process creation', 'Level_name': 'Information_type'}, {'time': pywintypes.datetime(2022, 12, 21, 9, 50, 44), 'Count': 156, 'Event_Id': 1, 'source': 'Microsoft-Windows-Kernel-General', 'eventdata': ('2022-12-21T04:20:44.9244738Z', '2022-12-21T04:20:43.6250678Z', '1', '\\Device\\HarddiskVolume2\\Windows\\System32\\svchost.exe', '1088'), 'recordnumber': 55339, 'Level': 4, 'message': 'Possible detection of CVE: 2022-12-21T04:20:44.9244738Z\r\nAdditional Information: 2022-12-21T04:20:43.6250678Z\r\n\r\nThis Event is generated when an attempt to exploit a known vulnerability (2022-12-21T04:20:44.9244738Z) is detected.\r\nThis Event is raised by a User mode process.\r\n\r\n', 'log_category': 'process creation', 'Level_name': 'Information_type'}]
[{'time': pywintypes.datetime(2022, 12, 21, 9, 36, 33), 'Count': 171, 'Event_Id': 4003, 'source': 'Microsoft-Windows-WLAN-AutoConfig', 'eventdata': ('4', '0x0', '3', '0'), 'recordnumber': 55324, 'Level': 2, 'message': 'WLAN AutoConfig detected limited connectivity, attempting automatic recovery.\r\n\r\nRecovery Type: 4\r\nError Code: 0x0\r\nTrigger Reason: 3\r\nIP Family: 0\r\n\r\n', 'log_category': 'networking', 'Level_name': 'Warning_type'}]
[{'time': pywintypes.datetime(2022, 12, 21, 8, 10, 14), 'Count': 178, 'Event_Id': 1, 'source': 'Microsoft-Windows-Power-Troubleshooter', 'eventdata': ('2022-12-20T21:23:17.3104534Z', '2022-12-21T02:40:12.0474704Z', '7017', '6548', '205', '14105', '8593', '8894', '257344', '1912619521', '5', '5', '0', '0', '', '0', '0', '0', '', '', '2418'), 'recordnumber': 55317, 'Level': 4, 'message': 'The system has returned from a low power state.\r\n\r\nSleep Time: 2022-12-20T21:23:17.3104534Z\r\nWake Time: 2022-12-21T02:40:12.0474704Z\r\n\r\nWake Source: 0\r\n', 'log_category': 'process creation', 'Level_name': 'Information_type'}, {'time': pywintypes.datetime(2022, 12, 21, 8, 10, 6), 'Count': 184, 'Event_Id': -2147483647, 'source': 'rt640x64', 'eventdata': ('\\Device\\NDMP2', 'Realtek PCIe FE Family Controller'), 'recordnumber': 55311, 'Level': 2, 'message': 'Realtek PCIe FE Family Controller is disconnected from network.\r\n', 'log_category': 'process creation', 'Level_name': 'Warning_type'}, {'time': pywintypes.datetime(2022, 12, 21, 8, 10, 5), 'Count': 185, 'Event_Id': 1, 'source': 'Microsoft-Windows-Kernel-General', 'eventdata': ('2022-12-21T02:40:05.5000000Z', '2022-12-20T21:23:25.1370573Z', '2', '', '4'), 'recordnumber': 55310, 'Level': 4, 'message': 'Possible detection of CVE: 2022-12-21T02:40:05.5000000Z\r\nAdditional Information: 2022-12-20T21:23:25.1370573Z\r\n\r\nThis Event is generated when an attempt to exploit a known vulnerability (2022-12-21T02:40:05.5000000Z) is detected.\r\nThis Event is raised by a User mode process.\r\n\r\n', 'log_category': 'process creation', 'Level_name': 'Information_type'}, {'time': pywintypes.datetime(2022, 12, 21, 2, 53, 22), 'Count': 187, 'Event_Id': 42, 'source': 'Microsoft-Windows-Kernel-Power', 'eventdata': ('5', '5', '6', '4', '23'), 'recordnumber': 55308, 'Level': 4, 'message': '', 'log_category': 'The system is entering sleep', 'Level_name': 'Information_type'}]
[{'time': pywintypes.datetime(2022, 12, 21, 2, 53, 18), 'Count': 188, 'Event_Id': 1, 'source': 'Microsoft-Windows-Power-Troubleshooter', 'eventdata': ('2022-12-20T21:23:17.3104534Z', '2022-12-20T21:23:15.3150947Z', '0', '0', '0', '0', '0', '0', '0', '268517888', '0', '0', '3', '0', '', '0', '0', '0', '', '', '0'), 'recordnumber': 55307, 'Level': 4, 'message': 'The system has returned from a low power state.\r\n\r\nSleep Time: 2022-12-20T21:23:17.3104534Z\r\nWake Time: 2022-12-20T21:23:15.3150947Z\r\n\r\nWake Source: 3\r\n', 'log_category': 'process creation', 'Level_name': 'Information_type'}, {'time': pywintypes.datetime(2022, 12, 21, 2, 53, 15), 'Count': 189, 'Event_Id': -2147483647, 'source': 'rt640x64', 'eventdata': ('\\Device\\NDMP2', 'Realtek PCIe FE Family Controller'), 'recordnumber': 55306, 'Level': 2, 'message': 'Realtek PCIe FE Family Controller is disconnected from network.\r\n', 'log_category': 'process creation', 'Level_name': 'Warning_type'}, {'time': pywintypes.datetime(2022, 12, 21, 2, 53, 14), 'Count': 191, 'Event_Id': 1, 'source': 'Microsoft-Windows-Kernel-General', 'eventdata': ('2022-12-20T21:23:14.5000000Z', '2022-12-20T18:23:13.3320349Z', '2', '', '4'), 'recordnumber': 55304, 'Level': 4, 'message': 'Possible detection of CVE: 2022-12-20T21:23:14.5000000Z\r\nAdditional Information: 2022-12-20T18:23:13.3320349Z\r\n\r\nThis Event is generated when an attempt to exploit a known vulnerability (2022-12-20T21:23:14.5000000Z) is detected.\r\nThis Event is raised by a User mode process.\r\n\r\n', 'log_category': 'process creation', 'Level_name': 'Information_type'}, {'time': pywintypes.datetime(2022, 12, 20, 23, 53, 12), 'Count': 193, 'Event_Id': 42, 'source': 'Microsoft-Windows-Kernel-Power', 'eventdata': ('4', '4', '0', '4', '22'), 'recordnumber': 55302, 'Level': 4, 'message': '', 'log_category': 'The system is entering sleep', 'Level_name': 'Information_type'}, {'time': pywintypes.datetime(2022, 12, 20, 21, 6, 39), 'Count': 199, 'Event_Id': 19, 'source': 'Microsoft-Windows-WindowsUpdateClient', 'eventdata': ('9WZDNCRFJBH4-Microsoft.Windows.Photos', '{428d5600-fd91-4e87-8ca5-6f264e901789}', '1', '{855e8a7c-ecb4-4ca3-b045-1dfa50104289}'), 'recordnumber': 55296, 'Level': 4, 'message': 'Installation Successful: Windows successfully installed the following update: 9WZDNCRFJBH4-Microsoft.Windows.Photos\r\n', 'log_category': 'windows defender', 'Level_name': 'Information_type'}, {'time': pywintypes.datetime(2022, 12, 20, 21, 6, 16), 'Count': 200, 'Event_Id': 43, 'source': 'Microsoft-Windows-WindowsUpdateClient', 'eventdata': ('9WZDNCRFJBH4-Microsoft.Windows.Photos', '{428d5600-fd91-4e87-8ca5-6f264e901789}', '1'), 'recordnumber': 55295, 'Level': 4, 'message': 'Installation Started: Windows has started installing the following update: 9WZDNCRFJBH4-Microsoft.Windows.Photos\r\n', 'log_category': 'windows defender', 'Level_name': 'Information_type'}]
[{'time': pywintypes.datetime(2022, 12, 20, 21, 6, 16), 'Count': 201, 'Event_Id': 19, 'source': 'Microsoft-Windows-WindowsUpdateClient', 'eventdata': ('9WZDNCRFJBMP-MICROSOFT.WINDOWSSTORE', '{65315c70-b985-4f3b-b6c0-67e1ae32091f}', '1', '{855e8a7c-ecb4-4ca3-b045-1dfa50104289}'), 'recordnumber': 55294, 'Level': 4, 'message': 'Installation Successful: Windows successfully installed the following update: 9WZDNCRFJBMP-MICROSOFT.WINDOWSSTORE\r\n', 'log_category': 'windows defender', 'Level_name': 'Information_type'}, {'time': pywintypes.datetime(2022, 12, 20, 21, 5, 38), 'Count': 203, 'Event_Id': 43, 'source': 'Microsoft-Windows-WindowsUpdateClient', 'eventdata': ('9WZDNCRFJBMP-MICROSOFT.WINDOWSSTORE', '{65315c70-b985-4f3b-b6c0-67e1ae32091f}', '1'), 'recordnumber': 55292, 'Level': 4, 'message': 'Installation Started: Windows has started installing the following update: 9WZDNCRFJBMP-MICROSOFT.WINDOWSSTORE\r\n', 'log_category': 'windows defender', 'Level_name': 'Information_type'}, {'time': pywintypes.datetime(2022, 12, 20, 21, 4, 4), 'Count': 205, 'Event_Id': 44, 'source': 'Microsoft-Windows-WindowsUpdateClient', 'eventdata': ('9WZDNCRFJBMP-MICROSOFT.WINDOWSSTORE', '{65315c70-b985-4f3b-b6c0-67e1ae32091f}', '1'), 'recordnumber': 55290, 'Level': 4, 'message': 'Windows Update started downloading an update.\r\n', 'log_category': 'windows defender', 'Level_name': 'Information_type'}, {'time': pywintypes.datetime(2022, 12, 20, 21, 4, 4), 'Count': 206, 'Event_Id': 44, 'source': 'Microsoft-Windows-WindowsUpdateClient', 'eventdata': ('9WZDNCRFJBH4-Microsoft.Windows.Photos', '{428d5600-fd91-4e87-8ca5-6f264e901789}', '1'), 'recordnumber': 55289, 'Level': 4, 'message': 'Windows Update started downloading an update.\r\n', 'log_category': 'windows defender', 'Level_name': 'Information_type'}, {'time': pywintypes.datetime(2022, 12, 20, 21, 3, 24), 'Count': 207, 'Event_Id': 44, 'source': 'Microsoft-Windows-WindowsUpdateClient', 'eventdata': ('9WZDNCRFJBMP-MICROSOFT.WINDOWSSTORE', '{65315c70-b985-4f3b-b6c0-67e1ae32091f}', '1'), 'recordnumber': 55288, 'Level': 4, 'message': 'Windows Update started downloading an update.\r\n', 'log_category': 'windows defender', 'Level_name': 'Information_type'}, {'time': pywintypes.datetime(2022, 12, 20, 21, 3, 24), 'Count': 208, 'Event_Id': 44, 'source': 'Microsoft-Windows-WindowsUpdateClient', 'eventdata': ('9WZDNCRFJBH4-Microsoft.Windows.Photos', '{428d5600-fd91-4e87-8ca5-6f264e901789}', '1'), 'recordnumber': 55287, 'Level': 4, 'message': 'Windows Update started downloading an update.\r\n', 'log_category': 'windows defender', 'Level_name': 'Information_type'}, {'time': pywintypes.datetime(2022, 12, 20, 21, 3, 11), 'Count': 209, 'Event_Id': 19, 'source': 'Microsoft-Windows-WindowsUpdateClient', 'eventdata': ('Synaptics - Mouse - 9/19/2018 12:00:00 AM - 19.2.17.70', '{f24fac24-5530-43e2-aa1b-e57d297168d5}', '1', '{8b24b027-1dee-babb-9a95-3517dfb9c552}'), 'recordnumber': 55286, 'Level': 4, 'message': 'Installation Successful: Windows successfully installed the following update: Synaptics - Mouse - 9/19/2018 12:00:00 AM - 19.2.17.70\r\n', 'log_category': 'windows defender', 'Level_name': 'Information_type'}, {'time': pywintypes.datetime(2022, 12, 20, 21, 2, 58), 'Count': 210, 'Event_Id': 43, 'source': 'Microsoft-Windows-WindowsUpdateClient', 'eventdata': ('Synaptics - Mouse - 9/19/2018 12:00:00 AM - 19.2.17.70', '{f24fac24-5530-43e2-aa1b-e57d297168d5}', '1'), 'recordnumber': 55285, 'Level': 4, 'message': 'Installation Started: Windows has started installing the following update: Synaptics - Mouse - 9/19/2018 12:00:00 AM - 19.2.17.70\r\n', 'log_category': 'windows defender', 'Level_name': 'Information_type'}]
[{'time': pywintypes.datetime(2022, 12, 20, 18, 33, 10), 'Count': 215, 'Event_Id': 19, 'source': 'Microsoft-Windows-WindowsUpdateClient', 'eventdata': ('Security Intelligence Update for Microsoft Defender Antivirus - KB2267602 (Version 1.381.759.0)', '{d2e79136-141d-4492-9669-693986705465}', '200', '{9482f4b4-e343-43b6-b170-9a65bc822c77}'), 'recordnumber': 55280, 'Level': 4, 'message': 'Installation Successful: Windows successfully installed the following update: Security Intelligence Update for Microsoft Defender Antivirus - KB2267602 (Version 1.381.759.0)\r\n', 'log_category': 'windows defender', 'Level_name': 'Information_type'}, {'time': pywintypes.datetime(2022, 12, 20, 18, 32, 22), 'Count': 216, 'Event_Id': 43, 'source': 'Microsoft-Windows-WindowsUpdateClient', 'eventdata': ('Security Intelligence Update for Microsoft Defender Antivirus - KB2267602 (Version 1.381.759.0)', '{d2e79136-141d-4492-9669-693986705465}', '200'), 'recordnumber': 55279, 'Level': 4, 'message': 'Installation Started: Windows has started installing the following update: Security Intelligence Update for Microsoft Defender Antivirus - KB2267602 (Version 1.381.759.0)\r\n', 'log_category': 'windows defender', 'Level_name': 'Information_type'}, {'time': pywintypes.datetime(2022, 12, 20, 18, 32, 18), 'Count': 217, 'Event_Id': 44, 'source': 'Microsoft-Windows-WindowsUpdateClient', 'eventdata': ('Security Intelligence Update for Microsoft Defender Antivirus - KB2267602 (Version 1.381.759.0)', '{d2e79136-141d-4492-9669-693986705465}', '200'), 'recordnumber': 55278, 'Level': 4, 'message': 'Windows Update started downloading an update.\r\n', 'log_category': 'windows defender', 'Level_name': 'Information_type'}]
[]
[{'time': pywintypes.datetime(2022, 12, 20, 13, 55, 15), 'Count': 239, 'Event_Id': 19, 'source': 'Microsoft-Windows-WindowsUpdateClient', 'eventdata': ('Security Intelligence Update for Microsoft Defender Antivirus - KB2267602 (Version 1.381.757.0)', '{4d6f85ca-31a6-4bf2-a0c2-e793a685a9b4}', '200', '{9482f4b4-e343-43b6-b170-9a65bc822c77}'), 'recordnumber': 55256, 'Level': 4, 'message': 'Installation Successful: Windows successfully installed the following update: Security Intelligence Update for Microsoft Defender Antivirus - KB2267602 (Version 1.381.757.0)\r\n', 'log_category': 'windows defender', 'Level_name': 'Information_type'}, {'time': pywintypes.datetime(2022, 12, 20, 13, 54, 34), 'Count': 240, 'Event_Id': 43, 'source': 'Microsoft-Windows-WindowsUpdateClient', 'eventdata': ('Security Intelligence Update for Microsoft Defender Antivirus - KB2267602 (Version 1.381.757.0)', '{4d6f85ca-31a6-4bf2-a0c2-e793a685a9b4}', '200'), 'recordnumber': 55255, 'Level': 4, 'message': 'Installation Started: Windows has started installing the following update: Security Intelligence Update for Microsoft Defender Antivirus - KB2267602 (Version 1.381.757.0)\r\n', 'log_category': 'windows defender', 'Level_name': 'Information_type'}, {'time': pywintypes.datetime(2022, 12, 20, 13, 54, 34), 'Count': 241, 'Event_Id': 44, 'source': 'Microsoft-Windows-WindowsUpdateClient', 'eventdata': ('Security Intelligence Update for Microsoft Defender Antivirus - KB2267602 (Version 1.381.757.0)', '{4d6f85ca-31a6-4bf2-a0c2-e793a685a9b4}', '200'), 'recordnumber': 55254, 'Level': 4, 'message': 'Windows Update started downloading an update.\r\n', 'log_category': 'windows defender', 'Level_name': 'Information_type'}, {'time': pywintypes.datetime(2022, 12, 20, 13, 25, 5), 'Count': 242, 'Event_Id': 1, 'source': 'Microsoft-Windows-Kernel-General', 'eventdata': ('2022-12-20T07:55:05.3681110Z', '2022-12-20T07:55:05.3676755Z', '1', '\\Device\\HarddiskVolume2\\Windows\\System32\\svchost.exe', '9320'), 'recordnumber': 55253, 'Level': 4, 'message': 'Possible detection of CVE: 2022-12-20T07:55:05.3681110Z\r\nAdditional Information: 2022-12-20T07:55:05.3676755Z\r\n\r\nThis Event is generated when an attempt to exploit a known vulnerability (2022-12-20T07:55:05.3681110Z) is detected.\r\nThis Event is raised by a User mode process.\r\n\r\n', 'log_category': 'process creation', 'Level_name': 'Information_type'}, {'time': pywintypes.datetime(2022, 12, 20, 13, 12, 16), 'Count': 247, 'Event_Id': 1, 'source': 'Microsoft-Windows-Power-Troubleshooter', 'eventdata': ('2022-12-20T07:03:17.2301645Z', '2022-12-20T07:42:14.2740720Z', '7492', '785', '210', '2110', '0', '0', '0', '1912622080', '4', '4', '1', '0', '', '0', '0', '0', '', '', '3687'), 'recordnumber': 55248, 'Level': 4, 'message': 'The system has returned from a low power state.\r\n\r\nSleep Time: 2022-12-20T07:03:17.2301645Z\r\nWake Time: 2022-12-20T07:42:14.2740720Z\r\n\r\nWake Source: 1\r\n', 'log_category': 'process creation', 'Level_name': 'Information_type'}]
[{'time': pywintypes.datetime(2022, 12, 20, 13, 12, 14), 'Count': 248, 'Event_Id': -2147483647, 'source': 'rt640x64', 'eventdata': ('\\Device\\NDMP2', 'Realtek PCIe FE Family Controller'), 'recordnumber': 55247, 'Level': 2, 'message': 'Realtek PCIe FE Family Controller is disconnected from network.\r\n', 'log_category': 'process creation', 'Level_name': 'Warning_type'}, {'time': pywintypes.datetime(2022, 12, 20, 13, 12, 13), 'Count': 251, 'Event_Id': 1, 'source': 'Microsoft-Windows-Kernel-General', 'eventdata': ('2022-12-20T07:42:13.5000000Z', '2022-12-20T07:03:25.3820394Z', '2', '', '4'), 'recordnumber': 55244, 'Level': 4, 'message': 'Possible detection of CVE: 2022-12-20T07:42:13.5000000Z\r\nAdditional Information: 2022-12-20T07:03:25.3820394Z\r\n\r\nThis Event is generated when an attempt to exploit a known vulnerability (2022-12-20T07:42:13.5000000Z) is detected.\r\nThis Event is raised by a User mode process.\r\n\r\n', 'log_category': 'process creation', 'Level_name': 'Information_type'}, {'time': pywintypes.datetime(2022, 12, 20, 12, 33, 24), 'Count': 253, 'Event_Id': 42, 'source': 'Microsoft-Windows-Kernel-Power', 'eventdata': ('4', '4', '7', '0', '20'), 'recordnumber': 55242, 'Level': 4, 'message': '', 'log_category': 'The system is entering sleep', 'Level_name': 'Information_type'}, {'time': pywintypes.datetime(2022, 12, 20, 12, 0), 'Count': 255, 'Event_Id': -2147477635, 'source': 'EventLog', 'eventdata': ('', '', '', '', '337980', '60', '-330 India Standard Time'), 'recordnumber': 55240, 'Level': 4, 'message': 'The system uptime is 337980 seconds.\r\n', 'log_category': 'systemlog', 'Level_name': 'Information_type'}]
[{'time': pywintypes.datetime(2022, 12, 20, 8, 19, 44), 'Count': 262, 'Event_Id': 1, 'source': 'Microsoft-Windows-Power-Troubleshooter', 'eventdata': ('2022-12-19T21:45:28.7769593Z', '2022-12-20T02:49:39.7367887Z', '18318', '2240', '207', '14147', '9472', '9743', '281952', '1912619521', '5', '5', '0', '0', '', '0', '0', '0', '', '', '9874'), 'recordnumber': 55233, 'Level': 4, 'message': 'The system has returned from a low power state.\r\n\r\nSleep Time: 2022-12-19T21:45:28.7769593Z\r\nWake Time: 2022-12-20T02:49:39.7367887Z\r\n\r\nWake Source: 0\r\n', 'log_category': 'process creation', 'Level_name': 'Information_type'}, {'time': pywintypes.datetime(2022, 12, 20, 8, 19, 38), 'Count': 268, 'Event_Id': -2147483647, 'source': 'rt640x64', 'eventdata': ('\\Device\\NDMP2', 'Realtek PCIe FE Family Controller'), 'recordnumber': 55227, 'Level': 2, 'message': 'Realtek PCIe FE Family Controller is disconnected from network.\r\n', 'log_category': 'process creation', 'Level_name': 'Warning_type'}, {'time': pywintypes.datetime(2022, 12, 20, 8, 19, 37), 'Count': 269, 'Event_Id': 1, 'source': 'Microsoft-Windows-Kernel-General', 'eventdata': ('2022-12-20T02:49:37.5000000Z', '2022-12-19T21:45:47.4568070Z', '2', '', '4'), 'recordnumber': 55226, 'Level': 4, 'message': 'Possible detection of CVE: 2022-12-20T02:49:37.5000000Z\r\nAdditional Information: 2022-12-19T21:45:47.4568070Z\r\n\r\nThis Event is generated when an attempt to exploit a known vulnerability (2022-12-20T02:49:37.5000000Z) is detected.\r\nThis Event is raised by a User mode process.\r\n\r\n', 'log_category': 'process creation', 'Level_name': 'Information_type'}, {'time': pywintypes.datetime(2022, 12, 20, 3, 15, 45), 'Count': 271, 'Event_Id': 42, 'source': 'Microsoft-Windows-Kernel-Power', 'eventdata': ('5', '5', '6', '4', '18'), 'recordnumber': 55224, 'Level': 4, 'message': '', 'log_category': 'The system is entering sleep', 'Level_name': 'Information_type'}, {'time': pywintypes.datetime(2022, 12, 20, 3, 15, 43), 'Count': 272, 'Event_Id': 19, 'source': 'Microsoft-Windows-WindowsUpdateClient', 'eventdata': ('Synaptics - Mouse - 9/19/2018 12:00:00 AM - 19.2.17.70', '{f24fac24-5530-43e2-aa1b-e57d297168d5}', '1', '{8b24b027-1dee-babb-9a95-3517dfb9c552}'), 'recordnumber': 55223, 'Level': 4, 'message': 'Installation Successful: Windows successfully installed the following update: Synaptics - Mouse - 9/19/2018 12:00:00 AM - 19.2.17.70\r\n', 'log_category': 'windows defender', 'Level_name': 'Information_type'}, {'time': pywintypes.datetime(2022, 12, 20, 3, 15, 31), 'Count': 273, 'Event_Id': 1, 'source': 'Microsoft-Windows-Power-Troubleshooter', 'eventdata': ('2022-12-19T18:45:10.7367162Z', '2022-12-19T21:45:26.3143730Z', '11808', '815', '209', '2102', '0', '0', '0', '1912684576', '4', '4', '3', '0', '', '0', '0', '0', '', '', '3323'), 'recordnumber': 55222, 'Level': 4, 'message': 'The system has returned from a low power state.\r\n\r\nSleep Time: 2022-12-19T18:45:10.7367162Z\r\nWake Time: 2022-12-19T21:45:26.3143730Z\r\n\r\nWake Source: 3\r\n', 'log_category': 'process creation', 'Level_name': 'Information_type'}, {'time': pywintypes.datetime(2022, 12, 20, 3, 15, 26), 'Count': 274, 'Event_Id': -2147483647, 'source': 'rt640x64', 'eventdata': ('\\Device\\NDMP2', 'Realtek PCIe FE Family Controller'), 'recordnumber': 55221, 'Level': 2, 'message': 'Realtek PCIe FE Family Controller is disconnected from network.\r\n', 'log_category': 'process creation', 'Level_name': 'Warning_type'}]
[{'time': pywintypes.datetime(2022, 12, 20, 3, 15, 25), 'Count': 277, 'Event_Id': 1, 'source': 'Microsoft-Windows-Kernel-General', 'eventdata': ('2022-12-19T21:45:25.5000000Z', '2022-12-19T18:45:23.3303098Z', '2', '', '4'), 'recordnumber': 55218, 'Level': 4, 'message': 'Possible detection of CVE: 2022-12-19T21:45:25.5000000Z\r\nAdditional Information: 2022-12-19T18:45:23.3303098Z\r\n\r\nThis Event is generated when an attempt to exploit a known vulnerability (2022-12-19T21:45:25.5000000Z) is detected.\r\nThis Event is raised by a User mode process.\r\n\r\n', 'log_category': 'process creation', 'Level_name': 'Information_type'}, {'time': pywintypes.datetime(2022, 12, 20, 0, 15, 22), 'Count': 279, 'Event_Id': 42, 'source': 'Microsoft-Windows-Kernel-Power', 'eventdata': ('4', '4', '0', '4', '17'), 'recordnumber': 55216, 'Level': 4, 'message': '', 'log_category': 'The system is entering sleep', 'Level_name': 'Information_type'}, {'time': pywintypes.datetime(2022, 12, 20, 0, 15, 18), 'Count': 280, 'Event_Id': 43, 'source': 'Microsoft-Windows-WindowsUpdateClient', 'eventdata': ('Synaptics - Mouse - 9/19/2018 12:00:00 AM - 19.2.17.70', '{f24fac24-5530-43e2-aa1b-e57d297168d5}', '1'), 'recordnumber': 55215, 'Level': 4, 'message': 'Installation Started: Windows has started installing the following update: Synaptics - Mouse - 9/19/2018 12:00:00 AM - 19.2.17.70\r\n', 'log_category': 'windows defender', 'Level_name': 'Information_type'}, {'time': pywintypes.datetime(2022, 12, 19, 23, 40, 27), 'Count': 285, 'Event_Id': 19, 'source': 'Microsoft-Windows-WindowsUpdateClient', 'eventdata': ('Security Intelligence Update for Microsoft Defender Antivirus - KB2267602 (Version 1.381.718.0)', '{71b8c9ac-7361-414e-8e63-7f4e1d5f2a44}', '200', '{9482f4b4-e343-43b6-b170-9a65bc822c77}'), 'recordnumber': 55210, 'Level': 4, 'message': 'Installation Successful: Windows successfully installed the following update: Security Intelligence Update for Microsoft Defender Antivirus - KB2267602 (Version 1.381.718.0)\r\n', 'log_category': 'windows defender', 'Level_name': 'Information_type'}, {'time': pywintypes.datetime(2022, 12, 19, 23, 40, 8), 'Count': 286, 'Event_Id': 43, 'source': 'Microsoft-Windows-WindowsUpdateClient', 'eventdata': ('Security Intelligence Update for Microsoft Defender Antivirus - KB2267602 (Version 1.381.718.0)', '{71b8c9ac-7361-414e-8e63-7f4e1d5f2a44}', '200'), 'recordnumber': 55209, 'Level': 4, 'message': 'Installation Started: Windows has started installing the following update: Security Intelligence Update for Microsoft Defender Antivirus - KB2267602 (Version 1.381.718.0)\r\n', 'log_category': 'windows defender', 'Level_name': 'Information_type'}, {'time': pywintypes.datetime(2022, 12, 19, 23, 40, 8), 'Count': 287, 'Event_Id': 44, 'source': 'Microsoft-Windows-WindowsUpdateClient', 'eventdata': ('Security Intelligence Update for Microsoft Defender Antivirus - KB2267602 (Version 1.381.718.0)', '{71b8c9ac-7361-414e-8e63-7f4e1d5f2a44}', '200'), 'recordnumber': 55208, 'Level': 4, 'message': 'Windows Update started downloading an update.\r\n', 'log_category': 'windows defender', 'Level_name': 'Information_type'}]
[{'time': pywintypes.datetime(2022, 12, 19, 17, 22, 44), 'Count': 300, 'Event_Id': 4003, 'source': 'Microsoft-Windows-WLAN-AutoConfig', 'eventdata': ('4', '0x0', '7', '0'), 'recordnumber': 55195, 'Level': 2, 'message': 'WLAN AutoConfig detected limited connectivity, attempting automatic recovery.\r\n\r\nRecovery Type: 4\r\nError Code: 0x0\r\nTrigger Reason: 7\r\nIP Family: 0\r\n\r\n', 'log_category': 'networking', 'Level_name': 'Warning_type'}]
[{'time': pywintypes.datetime(2022, 12, 19, 16, 59, 45), 'Count': 301, 'Event_Id': 19, 'source': 'Microsoft-Windows-WindowsUpdateClient', 'eventdata': ('Synaptics - Mouse - 9/19/2018 12:00:00 AM - 19.2.17.70', '{f24fac24-5530-43e2-aa1b-e57d297168d5}', '1', '{8b24b027-1dee-babb-9a95-3517dfb9c552}'), 'recordnumber': 55194, 'Level': 4, 'message': 'Installation Successful: Windows successfully installed the following update: Synaptics - Mouse - 9/19/2018 12:00:00 AM - 19.2.17.70\r\n', 'log_category': 'windows defender', 'Level_name': 'Information_type'}, {'time': pywintypes.datetime(2022, 12, 19, 16, 59, 32), 'Count': 302, 'Event_Id': 43, 'source': 'Microsoft-Windows-WindowsUpdateClient', 'eventdata': ('Synaptics - Mouse - 9/19/2018 12:00:00 AM - 19.2.17.70', '{f24fac24-5530-43e2-aa1b-e57d297168d5}', '1'), 'recordnumber': 55193, 'Level': 4, 'message': 'Installation Started: Windows has started installing the following update: Synaptics - Mouse - 9/19/2018 12:00:00 AM - 19.2.17.70\r\n', 'log_category': 'windows defender', 'Level_name': 'Information_type'}]
[{'time': pywintypes.datetime(2022, 12, 19, 12, 0), 'Count': 321, 'Event_Id': -2147477635, 'source': 'EventLog', 'eventdata': ('', '', '', '', '251580', '60', '-330 India Standard Time'), 'recordnumber': 55174, 'Level': 4, 'message': 'The system uptime is 251580 seconds.\r\n', 'log_category': 'systemlog', 'Level_name': 'Information_type'}]
[{'time': pywintypes.datetime(2022, 12, 19, 11, 4, 27), 'Count': 327, 'Event_Id': 1, 'source': 'Microsoft-Windows-Kernel-General', 'eventdata': ('2022-12-19T05:34:27.3361049Z', '2022-12-19T05:34:27.3345422Z', '1', '\\Device\\HarddiskVolume2\\Windows\\System32\\svchost.exe', '5024'), 'recordnumber': 55168, 'Level': 4, 'message': 'Possible detection of CVE: 2022-12-19T05:34:27.3361049Z\r\nAdditional Information: 2022-12-19T05:34:27.3345422Z\r\n\r\nThis Event is generated when an attempt to exploit a known vulnerability (2022-12-19T05:34:27.3361049Z) is detected.\r\nThis Event is raised by a User mode process.\r\n\r\n', 'log_category': 'process creation', 'Level_name': 'Information_type'}]
[{'time': pywintypes.datetime(2022, 12, 19, 8, 45, 24), 'Count': 344, 'Event_Id': 4003, 'source': 'Microsoft-Windows-WLAN-AutoConfig', 'eventdata': ('4', '0x0', '5', '0'), 'recordnumber': 55151, 'Level': 2, 'message': 'WLAN AutoConfig detected limited connectivity, attempting automatic recovery.\r\n\r\nRecovery Type: 4\r\nError Code: 0x0\r\nTrigger Reason: 5\r\nIP Family: 0\r\n\r\n', 'log_category': 'networking', 'Level_name': 'Warning_type'}, {'time': pywintypes.datetime(2022, 12, 19, 8, 39, 50), 'Count': 348, 'Event_Id': 1, 'source': 'Microsoft-Windows-Power-Troubleshooter', 'eventdata': ('2022-12-18T16:54:36.7447349Z', '2022-12-19T03:09:48.1642419Z', '19178', '667', '204', '14002', '5336', '5438', '155845', '1912619265', '6', '5', '0', '0', '', '0', '0', '0', '', '', '1728'), 'recordnumber': 55147, 'Level': 4, 'message': 'The system has returned from a low power state.\r\n\r\nSleep Time: 2022-12-18T16:54:36.7447349Z\r\nWake Time: 2022-12-19T03:09:48.1642419Z\r\n\r\nWake Source: 0\r\n', 'log_category': 'process creation', 'Level_name': 'Information_type'}]
[{'time': pywintypes.datetime(2022, 12, 19, 8, 39, 48), 'Count': 355, 'Event_Id': -2147483647, 'source': 'rt640x64', 'eventdata': ('\\Device\\NDMP2', 'Realtek PCIe FE Family Controller'), 'recordnumber': 55140, 'Level': 2, 'message': 'Realtek PCIe FE Family Controller is disconnected from network.\r\n', 'log_category': 'process creation', 'Level_name': 'Warning_type'}, {'time': pywintypes.datetime(2022, 12, 19, 8, 39, 47), 'Count': 356, 'Event_Id': 1, 'source': 'Microsoft-Windows-Kernel-General', 'eventdata': ('2022-12-19T03:09:47.5000000Z', '2022-12-18T16:54:56.3222538Z', '2', '', '4'), 'recordnumber': 55139, 'Level': 4, 'message': 'Possible detection of CVE: 2022-12-19T03:09:47.5000000Z\r\nAdditional Information: 2022-12-18T16:54:56.3222538Z\r\n\r\nThis Event is generated when an attempt to exploit a known vulnerability (2022-12-19T03:09:47.5000000Z) is detected.\r\nThis Event is raised by a User mode process.\r\n\r\n', 'log_category': 'process creation', 'Level_name': 'Information_type'}]